#
# A fatal error has been detected by the Java Runtime Environment:
#
#  EXCEPTION_ACCESS_VIOLATION (0xc0000005) at pc=0x00007ffc79f5e0a9, pid=15024, tid=11148
#
# JRE version: OpenJDK Runtime Environment Microsoft-8035246 (17.0.8+7) (build 17.0.8+7-LTS)
# Java VM: OpenJDK 64-Bit Server VM Microsoft-8035246 (17.0.8+7-LTS, mixed mode, sharing, tiered, compressed oops, compressed class ptrs, g1 gc, windows-amd64)
# Problematic frame:
# V  [jvm.dll+0x2be0a9]
#
# No core dump will be written. Minidumps are not enabled by default on client versions of Windows
#
# If you would like to submit a bug report, please visit:
#   https://github.com/microsoft/openjdk/issues
#

---------------  S U M M A R Y ------------

Command Line: -XX:MaxMetaspaceSize=512m --add-opens=java.base/java.util=ALL-UNNAMED --add-opens=java.base/java.lang=ALL-UNNAMED --add-opens=java.base/java.lang.invoke=ALL-UNNAMED --add-opens=java.prefs/java.util.prefs=ALL-UNNAMED --add-opens=java.base/java.nio.charset=ALL-UNNAMED --add-opens=java.base/java.net=ALL-UNNAMED --add-opens=java.base/java.util.concurrent.atomic=ALL-UNNAMED -Xmx2048m -Dfile.encoding=windows-1252 -Duser.country=FI -Duser.language=fi -Duser.variant -javaagent:C:\Users\ollik\.gradle\wrapper\dists\gradle-8.3-all\6en3ugtfdg5xnpx44z4qbwgas\gradle-8.3\lib\agents\gradle-instrumentation-agent-8.3.jar org.gradle.launcher.daemon.bootstrap.GradleDaemon 8.3

Host: Intel(R) Core(TM) i7-7700HQ CPU @ 2.80GHz, 8 cores, 15G,  Windows 10 , 64 bit Build 19041 (10.0.19041.3636)
Time: Tue Jan 30 11:40:17 2024 Suomen normaaliaika elapsed time: 2425.000145 seconds (0d 0h 40m 25s)

---------------  T H R E A D  ---------------

Current thread (0x00000183d6994d90):  JavaThread "C2 CompilerThread1" daemon [_thread_in_native, id=11148, stack(0x00000078d0000000,0x00000078d0100000)]


Current CompileTask:
C2:2425000 16799   !   4       org.gradle.cache.internal.DefaultMultiProcessSafeIndexedCache::getIfPresent (25 bytes)

Stack: [0x00000078d0000000,0x00000078d0100000],  sp=0x00000078d00fb6d0,  free space=1005k
Native frames: (J=compiled Java code, j=interpreted, Vv=VM code, C=native code)
V  [jvm.dll+0x2be0a9]
V  [jvm.dll+0x21ba8b]
V  [jvm.dll+0x21944b]
V  [jvm.dll+0x1a56b6]
V  [jvm.dll+0x2291ea]
V  [jvm.dll+0x22724c]
V  [jvm.dll+0x7efd0c]
V  [jvm.dll+0x7ea13a]
V  [jvm.dll+0x67ad85]
C  [ucrtbase.dll+0x21bb2]
C  [KERNEL32.DLL+0x17344]
C  [ntdll.dll+0x526b1]


siginfo: EXCEPTION_ACCESS_VIOLATION (0xc0000005), reading address 0x0000000000000028


Register to memory mapping:

RIP=0x00007ffc79f5e0a9 jvm.dll
RAX=0x00000183d31885a0 points into unknown readable memory: 0x0000000000000000 | 00 00 00 00 00 00 00 00
RBX=0x000000000000125e is an unknown value
RCX=0x0 is NULL
RDX=0x0 is NULL
RSP=0x00000078d00fb6d0 is pointing into the stack for thread: 0x00000183d6994d90
RBP=0x00000078d00fb740 is pointing into the stack for thread: 0x00000183d6994d90
RSI=0x0 is NULL
RDI=0x000000000000003c is an unknown value
R8 =0x000000000000ffe0 is an unknown value
R9 =0x0 is NULL
R10=0x00007ffccae40000 VCRUNTIME140.dll
R11=0x00000183d31885c0 points into unknown readable memory: 0x0000000000000000 | 00 00 00 00 00 00 00 00
R12=0x0000000000000050 is an unknown value
R13=0x0 is NULL
R14=0x0 is NULL
R15=0x00000078d00fe8f0 is pointing into the stack for thread: 0x00000183d6994d90


Registers:
RAX=0x00000183d31885a0, RBX=0x000000000000125e, RCX=0x0000000000000000, RDX=0x0000000000000000
RSP=0x00000078d00fb6d0, RBP=0x00000078d00fb740, RSI=0x0000000000000000, RDI=0x000000000000003c
R8 =0x000000000000ffe0, R9 =0x0000000000000000, R10=0x00007ffccae40000, R11=0x00000183d31885c0
R12=0x0000000000000050, R13=0x0000000000000000, R14=0x0000000000000000, R15=0x00000078d00fe8f0
RIP=0x00007ffc79f5e0a9, EFLAGS=0x0000000000010202

Top of Stack: (sp=0x00000078d00fb6d0)
0x00000078d00fb6d0:   000000000000125e 0000000000000000
0x00000078d00fb6e0:   00000078d00fe8f0 00007ffc79ec38d1
0x00000078d00fb6f0:   00000183d126ec40 00007ffc00002000
0x00000078d00fb700:   00000183d31885a0 0000018300000000
0x00000078d00fb710:   0000000000000002 00000183d107af60
0x00000078d00fb720:   0000000500000002 00000183d126ec40
0x00000078d00fb730:   0000000000000000 0000000000000000
0x00000078d00fb740:   00000183b08203c0 0000018391d9e090
0x00000078d00fb750:   000000000000003c 00007ffc7a5e4c08
0x00000078d00fb760:   00000078d00fb870 00007ffc79ebba8b
0x00000078d00fb770:   00000078d00fe8f0 00007ffc7a5e4c08
0x00000078d00fb780:   00000078d00fe8f0 00000078d00fb870
0x00000078d00fb790:   0000000000000000 0000000000000050
0x00000078d00fb7a0:   000000780000000f 00000078d00fe8f0
0x00000078d00fb7b0:   00000078d00fb920 00007ffc00000000
0x00000078d00fb7c0:   0000018300000100 00007ffc7a5e4c08 

Instructions: (pc=0x00007ffc79f5e0a9)
0x00007ffc79f5dfa9:   3b d0 75 0b ff c1 41 3b c9 7c dc 48 8b c2 c3 33
0x00007ffc79f5dfb9:   c0 c3 cc cc cc cc cc 48 89 5c 24 18 55 56 57 41
0x00007ffc79f5dfc9:   55 41 57 48 8b ec 48 83 ec 70 65 48 8b 04 25 58
0x00007ffc79f5dfd9:   00 00 00 48 8b f2 44 8b 05 d2 8b 90 00 4c 8b f9
0x00007ffc79f5dfe9:   4a 8b 1c c0 b8 50 00 00 00 80 3c 18 00 75 05 e8
0x00007ffc79f5dff9:   8b 6f 5d 00 b8 20 00 00 00 48 8b 04 18 48 8b 98
0x00007ffc79f5e009:   38 02 00 00 48 89 5d b0 c7 45 b8 04 00 00 00 48
0x00007ffc79f5e019:   8b 43 18 48 83 f8 df 76 18 4c 8d 05 37 a9 65 00
0x00007ffc79f5e029:   ba 20 00 00 00 48 8b cb e8 5a eb de ff 48 8b 43
0x00007ffc79f5e039:   18 48 8d 48 20 48 3b 4b 20 76 11 45 33 c0 48 8b
0x00007ffc79f5e049:   cb 41 8d 50 20 e8 fd e8 de ff eb 04 48 89 4b 18
0x00007ffc79f5e059:   44 8b 45 b8 33 d2 49 c1 e0 03 48 8b c8 48 89 45
0x00007ffc79f5e069:   c0 e8 e3 80 5d 00 45 33 ed 48 8d 4d d0 44 89 6d
0x00007ffc79f5e079:   c8 e8 01 59 56 00 41 8b 9f 40 02 00 00 41 2b 9f
0x00007ffc79f5e089:   68 02 00 00 44 89 6d f0 3b 5d b8 72 0b 8b d3 48
0x00007ffc79f5e099:   8d 4d b0 e8 6f b3 39 00 48 8b 45 c0 4c 89 2c d8
0x00007ffc79f5e0a9:   8b 7e 28 8b df c1 eb 05 3b 5d d0 72 0b 8b d3 48
0x00007ffc79f5e0b9:   8d 4d d0 e8 1f 59 56 00 48 8b 45 d8 83 e7 1f 48
0x00007ffc79f5e0c9:   8d 14 98 40 0f b6 cf 41 b8 01 00 00 00 41 d3 e0
0x00007ffc79f5e0d9:   8b 0a 8b c1 41 0b c0 89 02 41 85 c8 75 21 8b 5d
0x00007ffc79f5e0e9:   c8 8d 43 01 89 45 c8 3b 5d b8 72 0b 8b d3 48 8d
0x00007ffc79f5e0f9:   4d b0 e8 10 b3 39 00 48 8b 45 c0 48 89 34 d8 44
0x00007ffc79f5e109:   39 6d c8 0f 86 77 01 00 00 4c 89 a4 24 a0 00 00
0x00007ffc79f5e119:   00 4c 89 b4 24 a8 00 00 00 48 8b 45 c0 41 8b cd
0x00007ffc79f5e129:   48 8b 34 c8 8b 46 2c 25 ff 1f 00 00 3d 04 10 00
0x00007ffc79f5e139:   00 0f 85 a7 00 00 00 bb 01 00 00 00 39 5e 18 76
0x00007ffc79f5e149:   39 66 0f 1f 44 00 00 48 8b 46 08 8b cb 48 8b 14
0x00007ffc79f5e159:   c8 48 85 d2 74 1d 48 83 7a 10 00 74 16 80 7a 2c
0x00007ffc79f5e169:   84 74 10 e8 7f 7e ee ff 48 8b d0 49 8b cf e8 a4
0x00007ffc79f5e179:   61 f6 ff ff c3 3b 5e 18 72 cd 48 8b 5e 10 8b 46
0x00007ffc79f5e189:   20 4c 8d 34 c3 49 3b de 73 54 48 8b 3b 8b 47 2c
0x00007ffc79f5e199:   83 e0 03 3c 03 75 2e 48 8b 07 48 8b cf ff 90 88 


Stack slot to memory mapping:
stack at sp + 0 slots: 0x000000000000125e is an unknown value
stack at sp + 1 slots: 0x0 is NULL
stack at sp + 2 slots: 0x00000078d00fe8f0 is pointing into the stack for thread: 0x00000183d6994d90
stack at sp + 3 slots: 0x00007ffc79ec38d1 jvm.dll
stack at sp + 4 slots: 0x00000183d126ec40 points into unknown readable memory: 0x0000018300000006 | 06 00 00 00 83 01 00 00
stack at sp + 5 slots: 0x00007ffc00002000 is an unknown value
stack at sp + 6 slots: 0x00000183d31885a0 points into unknown readable memory: 0x0000000000000000 | 00 00 00 00 00 00 00 00
stack at sp + 7 slots: 0x0000018300000000 is an unknown value


---------------  P R O C E S S  ---------------

Threads class SMR info:
_java_thread_list=0x00000183d4155290, length=91, elements={
0x0000018391d85040, 0x00000183b0210a90, 0x00000183b0211520, 0x00000183b0224fe0,
0x00000183b02276c0, 0x00000183b0227c90, 0x00000183b022c670, 0x00000183b022e9f0,
0x00000183b035a220, 0x00000183b0365750, 0x00000183b01fcf70, 0x00000183b04d4940,
0x00000183d11f66d0, 0x00000183d0a66800, 0x00000183d106e8b0, 0x00000183d00a1600,
0x00000183d00a0be0, 0x00000183d00a01c0, 0x00000183d00a06d0, 0x00000183d1123e30,
0x00000183d1125270, 0x00000183d11275e0, 0x00000183d11266b0, 0x00000183d1125780,
0x00000183d1128510, 0x00000183d1128f30, 0x00000183d1127af0, 0x00000183d1129950,
0x00000183d1129e60, 0x00000183d39495a0, 0x00000183d3948670, 0x00000183d39449b0,
0x00000183d33a8340, 0x00000183d33a8850, 0x00000183d33a8d60, 0x00000183d33a6f00,
0x00000183d33a5ac0, 0x00000183d33a7410, 0x00000183d33a69f0, 0x00000183d33a5fd0,
0x00000183d33a7920, 0x00000183d33a7e30, 0x00000183d4b3da60, 0x00000183d4b3df70,
0x00000183d4b407f0, 0x00000183d4b3e480, 0x00000183d6994d90, 0x00000183d4b3d550,
0x00000183d4b39da0, 0x00000183d4b3b1e0, 0x00000183d699b280, 0x00000183d4b40d00,
0x00000183d4b3d040, 0x00000183d4b3e990, 0x00000183d4b3cb30, 0x00000183d4b41210,
0x00000183d4b402e0, 0x00000183d4b3eea0, 0x00000183d4b41720, 0x00000183d4b3c110,
0x00000183d4b3a2b0, 0x00000183d4b3b6f0, 0x00000183d4b3fdd0, 0x00000183d4b3c620,
0x00000183d4b3a7c0, 0x00000183d4b3acd0, 0x00000183d5897550, 0x00000183d5891010,
0x00000183d58900e0, 0x00000183d5894cd0, 0x00000183d58956f0, 0x00000183d5890b00,
0x00000183d58947c0, 0x00000183d5891520, 0x00000183d58942b0, 0x00000183d5892e70,
0x00000183d5891f40, 0x00000183d5891a30, 0x00000183d5893380, 0x00000183d5895c00,
0x00000183d58951e0, 0x00000183d5892450, 0x00000183d5893890, 0x00000183d5896110,
0x00000183d5896620, 0x00000183d5896b30, 0x00000183d5897040, 0x00000183d5892960,
0x00000183d7186be0, 0x00000183d7184d80, 0x00000183d7189460
}

Java Threads: ( => current thread )
  0x0000018391d85040 JavaThread "main" [_thread_blocked, id=14736, stack(0x00000078ce100000,0x00000078ce200000)]
  0x00000183b0210a90 JavaThread "Reference Handler" daemon [_thread_blocked, id=17740, stack(0x00000078ce800000,0x00000078ce900000)]
  0x00000183b0211520 JavaThread "Finalizer" daemon [_thread_blocked, id=20004, stack(0x00000078ce900000,0x00000078cea00000)]
  0x00000183b0224fe0 JavaThread "Signal Dispatcher" daemon [_thread_blocked, id=13660, stack(0x00000078cea00000,0x00000078ceb00000)]
  0x00000183b02276c0 JavaThread "Attach Listener" daemon [_thread_blocked, id=12856, stack(0x00000078ceb00000,0x00000078cec00000)]
  0x00000183b0227c90 JavaThread "Service Thread" daemon [_thread_blocked, id=19520, stack(0x00000078cec00000,0x00000078ced00000)]
  0x00000183b022c670 JavaThread "Monitor Deflation Thread" daemon [_thread_blocked, id=17480, stack(0x00000078ced00000,0x00000078cee00000)]
  0x00000183b022e9f0 JavaThread "C2 CompilerThread0" daemon [_thread_blocked, id=10212, stack(0x00000078cee00000,0x00000078cef00000)]
  0x00000183b035a220 JavaThread "C1 CompilerThread0" daemon [_thread_blocked, id=16260, stack(0x00000078cef00000,0x00000078cf000000)]
  0x00000183b0365750 JavaThread "Sweeper thread" daemon [_thread_blocked, id=3748, stack(0x00000078cf000000,0x00000078cf100000)]
  0x00000183b01fcf70 JavaThread "Common-Cleaner" daemon [_thread_blocked, id=11972, stack(0x00000078cf100000,0x00000078cf200000)]
  0x00000183b04d4940 JavaThread "Notification Thread" daemon [_thread_blocked, id=14372, stack(0x00000078cf200000,0x00000078cf300000)]
  0x00000183d11f66d0 JavaThread "Daemon health stats" [_thread_blocked, id=16164, stack(0x00000078cfb00000,0x00000078cfc00000)]
  0x00000183d0a66800 JavaThread "Incoming local TCP Connector on port 59260" [_thread_in_native, id=18616, stack(0x00000078cf500000,0x00000078cf600000)]
  0x00000183d106e8b0 JavaThread "Daemon periodic checks" [_thread_blocked, id=16944, stack(0x00000078cfc00000,0x00000078cfd00000)]
  0x00000183d00a1600 JavaThread "Cache worker for journal cache (C:\Users\ollik\.gradle\caches\journal-1)" [_thread_blocked, id=19880, stack(0x00000078d0400000,0x00000078d0500000)]
  0x00000183d00a0be0 JavaThread "File lock request listener" [_thread_in_native, id=14276, stack(0x00000078d0500000,0x00000078d0600000)]
  0x00000183d00a01c0 JavaThread "Cache worker for file hash cache (C:\Users\ollik\.gradle\caches\8.3\fileHashes)" [_thread_blocked, id=8848, stack(0x00000078d0600000,0x00000078d0700000)]
  0x00000183d00a06d0 JavaThread "File watcher server" daemon [_thread_in_native, id=13368, stack(0x00000078d0800000,0x00000078d0900000)]
  0x00000183d1123e30 JavaThread "File watcher consumer" daemon [_thread_blocked, id=11132, stack(0x00000078d0900000,0x00000078d0a00000)]
  0x00000183d1125270 JavaThread "Cache worker for file content cache (C:\Users\ollik\.gradle\caches\8.3\fileContent)" [_thread_blocked, id=5184, stack(0x00000078d0d00000,0x00000078d0e00000)]
  0x00000183d11275e0 JavaThread "Cache worker for execution history cache (C:\Users\ollik\.gradle\caches\8.3\executionHistory)" [_thread_blocked, id=13176, stack(0x00000078d0700000,0x00000078d0800000)]
  0x00000183d11266b0 JavaThread "jar transforms" [_thread_blocked, id=20364, stack(0x00000078d1300000,0x00000078d1400000)]
  0x00000183d1125780 JavaThread "jar transforms Thread 2" [_thread_blocked, id=11032, stack(0x00000078d1400000,0x00000078d1500000)]
  0x00000183d1128510 JavaThread "jar transforms Thread 3" [_thread_blocked, id=472, stack(0x00000078d1500000,0x00000078d1600000)]
  0x00000183d1128f30 JavaThread "jar transforms Thread 4" [_thread_blocked, id=13576, stack(0x00000078d1600000,0x00000078d1700000)]
  0x00000183d1127af0 JavaThread "Cache worker for kotlin-dsl (C:\Users\ollik\.gradle\caches\8.3\kotlin-dsl)" [_thread_blocked, id=13672, stack(0x00000078d1200000,0x00000078d1300000)]
  0x00000183d1129950 JavaThread "jar transforms Thread 5" [_thread_blocked, id=17764, stack(0x00000078d1800000,0x00000078d1900000)]
  0x00000183d1129e60 JavaThread "jar transforms Thread 6" [_thread_blocked, id=16932, stack(0x00000078d1900000,0x00000078d1a00000)]
  0x00000183d39495a0 JavaThread "jar transforms Thread 7" [_thread_blocked, id=15884, stack(0x00000078d1c00000,0x00000078d1d00000)]
  0x00000183d3948670 JavaThread "jar transforms Thread 8" [_thread_blocked, id=6816, stack(0x00000078d1d00000,0x00000078d1e00000)]
  0x00000183d39449b0 JavaThread "Memory manager" [_thread_blocked, id=17640, stack(0x00000078d2800000,0x00000078d2900000)]
  0x00000183d33a8340 JavaThread "Monitor" [_thread_in_native, id=13596, stack(0x00000078d8700000,0x00000078d8800000)]
  0x00000183d33a8850 JavaThread "JdwpProxyConnection" [_thread_in_native, id=18308, stack(0x00000078d8800000,0x00000078d8900000)]
  0x00000183d33a8d60 JavaThread "Device List Monitor" [_thread_in_native, id=11500, stack(0x00000078d8900000,0x00000078d8a00000)]
  0x00000183d33a6f00 JavaThread "Daemon Thread 2" [_thread_blocked, id=20112, stack(0x00000078cde00000,0x00000078cdf00000)]
  0x00000183d33a5ac0 JavaThread "Handler for socket connection from /127.0.0.1:59260 to /127.0.0.1:60109" [_thread_in_native, id=5088, stack(0x00000078cdf00000,0x00000078ce000000)]
  0x00000183d33a7410 JavaThread "Cancel handler" [_thread_blocked, id=14616, stack(0x00000078ce000000,0x00000078ce100000)]
  0x00000183d33a69f0 JavaThread "Daemon worker Thread 2" [_thread_in_native, id=7868, stack(0x00000078cf400000,0x00000078cf500000)]
  0x00000183d33a5fd0 JavaThread "Asynchronous log dispatcher for DefaultDaemonConnection: socket connection from /127.0.0.1:59260 to /127.0.0.1:60109" [_thread_blocked, id=12844, stack(0x00000078cfd00000,0x00000078cfe00000)]
  0x00000183d33a7920 JavaThread "Stdin handler" [_thread_blocked, id=18132, stack(0x00000078cfe00000,0x00000078cff00000)]
  0x00000183d33a7e30 JavaThread "Daemon client event forwarder" [_thread_blocked, id=8004, stack(0x00000078cff00000,0x00000078d0000000)]
  0x00000183d4b3da60 JavaThread "Cache worker for checksums cache (C:\Users\ollik\GymDiary\GymDiary\android\.gradle\8.3\checksums)" [_thread_blocked, id=9920, stack(0x00000078d0200000,0x00000078d0300000)]
  0x00000183d4b3df70 JavaThread "Cache worker for file hash cache (C:\Users\ollik\GymDiary\GymDiary\android\.gradle\8.3\fileHashes)" [_thread_blocked, id=4216, stack(0x00000078d0300000,0x00000078d0400000)]
  0x00000183d4b407f0 JavaThread "Cache worker for cache directory md-supplier (C:\Users\ollik\.gradle\caches\8.3\md-supplier)" [_thread_blocked, id=16592, stack(0x00000078d0a00000,0x00000078d0b00000)]
  0x00000183d4b3e480 JavaThread "Cache worker for cache directory md-rule (C:\Users\ollik\.gradle\caches\8.3\md-rule)" [_thread_blocked, id=8384, stack(0x00000078d0b00000,0x00000078d0c00000)]
=>0x00000183d6994d90 JavaThread "C2 CompilerThread1" daemon [_thread_in_native, id=11148, stack(0x00000078d0000000,0x00000078d0100000)]
  0x00000183d4b3d550 JavaThread "Unconstrained build operations" [_thread_blocked, id=17252, stack(0x00000078d0100000,0x00000078d0200000)]
  0x00000183d4b39da0 JavaThread "Unconstrained build operations Thread 2" [_thread_blocked, id=11820, stack(0x00000078d0c00000,0x00000078d0d00000)]
  0x00000183d4b3b1e0 JavaThread "Cache worker for dependencies-accessors (C:\Users\ollik\GymDiary\GymDiary\android\.gradle\8.3\dependencies-accessors)" [_thread_blocked, id=12096, stack(0x00000078d1100000,0x00000078d1200000)]
  0x00000183d699b280 JavaThread "C2 CompilerThread2" daemon [_thread_blocked, id=19584, stack(0x00000078d1700000,0x00000078d1800000)]
  0x00000183d4b40d00 JavaThread "Cache worker for Build Output Cleanup Cache (C:\Users\ollik\GymDiary\GymDiary\node_modules\@react-native\gradle-plugin\.gradle\buildOutputCleanup)" [_thread_blocked, id=9320, stack(0x00000078d1a00000,0x00000078d1b00000)]
  0x00000183d4b3d040 JavaThread "Unconstrained build operations Thread 3" [_thread_blocked, id=16364, stack(0x00000078d1b00000,0x00000078d1c00000)]
  0x00000183d4b3e990 JavaThread "Unconstrained build operations Thread 4" [_thread_blocked, id=19784, stack(0x00000078d1e00000,0x00000078d1f00000)]
  0x00000183d4b3cb30 JavaThread "Unconstrained build operations Thread 5" [_thread_blocked, id=7636, stack(0x00000078d1f00000,0x00000078d2000000)]
  0x00000183d4b41210 JavaThread "Unconstrained build operations Thread 6" [_thread_blocked, id=16208, stack(0x00000078d2000000,0x00000078d2100000)]
  0x00000183d4b402e0 JavaThread "Unconstrained build operations Thread 7" [_thread_blocked, id=20332, stack(0x00000078d2100000,0x00000078d2200000)]
  0x00000183d4b3eea0 JavaThread "Unconstrained build operations Thread 8" [_thread_blocked, id=7488, stack(0x00000078d2200000,0x00000078d2300000)]
  0x00000183d4b41720 JavaThread "Unconstrained build operations Thread 9" [_thread_blocked, id=6516, stack(0x00000078d2300000,0x00000078d2400000)]
  0x00000183d4b3c110 JavaThread "Cache worker for Build Output Cleanup Cache (C:\Users\ollik\GymDiary\GymDiary\android\.gradle\buildOutputCleanup)" [_thread_blocked, id=12192, stack(0x00000078d2400000,0x00000078d2500000)]
  0x00000183d4b3a2b0 JavaThread "ForkJoinPool.commonPool-worker-8" daemon [_thread_blocked, id=284, stack(0x00000078d2500000,0x00000078d2600000)]
  0x00000183d4b3b6f0 JavaThread "ForkJoinPool.commonPool-worker-9" daemon [_thread_blocked, id=18536, stack(0x00000078d2600000,0x00000078d2700000)]
  0x00000183d4b3fdd0 JavaThread "ForkJoinPool.commonPool-worker-10" daemon [_thread_blocked, id=6200, stack(0x00000078d2700000,0x00000078d2800000)]
  0x00000183d4b3c620 JavaThread "ForkJoinPool.commonPool-worker-11" daemon [_thread_blocked, id=8508, stack(0x00000078d2900000,0x00000078d2a00000)]
  0x00000183d4b3a7c0 JavaThread "ForkJoinPool.commonPool-worker-12" daemon [_thread_blocked, id=17128, stack(0x00000078d2a00000,0x00000078d2b00000)]
  0x00000183d4b3acd0 JavaThread "ForkJoinPool.commonPool-worker-13" daemon [_thread_blocked, id=1516, stack(0x00000078d2b00000,0x00000078d2c00000)]
  0x00000183d5897550 JavaThread "included builds" [_thread_blocked, id=13772, stack(0x00000078d2c00000,0x00000078d2d00000)]
  0x00000183d5891010 JavaThread "Execution worker" [_thread_blocked, id=8216, stack(0x00000078d2d00000,0x00000078d2e00000)]
  0x00000183d58900e0 JavaThread "Execution worker Thread 2" [_thread_blocked, id=15452, stack(0x00000078d2e00000,0x00000078d2f00000)]
  0x00000183d5894cd0 JavaThread "Execution worker Thread 3" [_thread_blocked, id=13848, stack(0x00000078d2f00000,0x00000078d3000000)]
  0x00000183d58956f0 JavaThread "Execution worker Thread 4" [_thread_blocked, id=18156, stack(0x00000078d3000000,0x00000078d3100000)]
  0x00000183d5890b00 JavaThread "Execution worker Thread 5" [_thread_blocked, id=2972, stack(0x00000078d3100000,0x00000078d3200000)]
  0x00000183d58947c0 JavaThread "Execution worker Thread 6" [_thread_blocked, id=10936, stack(0x00000078d3200000,0x00000078d3300000)]
  0x00000183d5891520 JavaThread "Execution worker Thread 7" [_thread_blocked, id=20208, stack(0x00000078d3300000,0x00000078d3400000)]
  0x00000183d58942b0 JavaThread "Cache worker for execution history cache (C:\Users\ollik\GymDiary\GymDiary\node_modules\@react-native\gradle-plugin\.gradle\8.3\executionHistory)" [_thread_blocked, id=6652, stack(0x00000078d3400000,0x00000078d3500000)]
  0x00000183d5892e70 JavaThread "Unconstrained build operations Thread 10" [_thread_blocked, id=12908, stack(0x00000078d3500000,0x00000078d3600000)]
  0x00000183d5891f40 JavaThread "Unconstrained build operations Thread 11" [_thread_blocked, id=18788, stack(0x00000078d3600000,0x00000078d3700000)]
  0x00000183d5891a30 JavaThread "Unconstrained build operations Thread 12" [_thread_blocked, id=13716, stack(0x00000078d3700000,0x00000078d3800000)]
  0x00000183d5893380 JavaThread "Unconstrained build operations Thread 13" [_thread_blocked, id=15116, stack(0x00000078d3800000,0x00000078d3900000)]
  0x00000183d5895c00 JavaThread "Unconstrained build operations Thread 14" [_thread_blocked, id=10628, stack(0x00000078d3900000,0x00000078d3a00000)]
  0x00000183d58951e0 JavaThread "Unconstrained build operations Thread 15" [_thread_blocked, id=17012, stack(0x00000078d3a00000,0x00000078d3b00000)]
  0x00000183d5892450 JavaThread "Unconstrained build operations Thread 16" [_thread_blocked, id=17040, stack(0x00000078d3b00000,0x00000078d3c00000)]
  0x00000183d5893890 JavaThread "Unconstrained build operations Thread 17" [_thread_blocked, id=16680, stack(0x00000078d3c00000,0x00000078d3d00000)]
  0x00000183d5896110 JavaThread "Unconstrained build operations Thread 18" [_thread_blocked, id=7952, stack(0x00000078d3d00000,0x00000078d3e00000)]
  0x00000183d5896620 JavaThread "Unconstrained build operations Thread 19" [_thread_blocked, id=15768, stack(0x00000078d3e00000,0x00000078d3f00000)]
  0x00000183d5896b30 JavaThread "Unconstrained build operations Thread 20" [_thread_blocked, id=5696, stack(0x00000078d3f00000,0x00000078d4000000)]
  0x00000183d5897040 JavaThread "Unconstrained build operations Thread 21" [_thread_blocked, id=11928, stack(0x00000078d4000000,0x00000078d4100000)]
  0x00000183d5892960 JavaThread "Unconstrained build operations Thread 22" [_thread_blocked, id=6292, stack(0x00000078d4100000,0x00000078d4200000)]
  0x00000183d7186be0 JavaThread "Unconstrained build operations Thread 23" [_thread_blocked, id=3688, stack(0x00000078d4200000,0x00000078d4300000)]
  0x00000183d7184d80 JavaThread "Unconstrained build operations Thread 24" [_thread_blocked, id=10772, stack(0x00000078d4300000,0x00000078d4400000)]
  0x00000183d7189460 JavaThread "Unconstrained build operations Thread 25" [_thread_blocked, id=14724, stack(0x00000078d4400000,0x00000078d4500000)]

Other Threads:
  0x00000183b020d5d0 VMThread "VM Thread" [stack: 0x00000078ce700000,0x00000078ce800000] [id=14060]
  0x0000018391e015e0 WatcherThread [stack: 0x00000078cf300000,0x00000078cf400000] [id=13388]
  0x0000018391de4d80 GCTaskThread "GC Thread#0" [stack: 0x00000078ce200000,0x00000078ce300000] [id=19640]
  0x00000183d0559380 GCTaskThread "GC Thread#1" [stack: 0x00000078cf600000,0x00000078cf700000] [id=10420]
  0x00000183d09f51f0 GCTaskThread "GC Thread#2" [stack: 0x00000078cf700000,0x00000078cf800000] [id=14704]
  0x00000183d09f54b0 GCTaskThread "GC Thread#3" [stack: 0x00000078cf800000,0x00000078cf900000] [id=2924]
  0x00000183d09f5770 GCTaskThread "GC Thread#4" [stack: 0x00000078cf900000,0x00000078cfa00000] [id=20308]
  0x00000183d09f5a30 GCTaskThread "GC Thread#5" [stack: 0x00000078cfa00000,0x00000078cfb00000] [id=17816]
  0x00000183d39bf4a0 GCTaskThread "GC Thread#6" [stack: 0x00000078d0e00000,0x00000078d0f00000] [id=10040]
  0x00000183d39bf760 GCTaskThread "GC Thread#7" [stack: 0x00000078d0f00000,0x00000078d1000000] [id=15772]
  0x0000018391df5cd0 ConcurrentGCThread "G1 Main Marker" [stack: 0x00000078ce300000,0x00000078ce400000] [id=4312]
  0x0000018391df6e80 ConcurrentGCThread "G1 Conc#0" [stack: 0x00000078ce400000,0x00000078ce500000] [id=10668]
  0x00000183d2b8c410 ConcurrentGCThread "G1 Conc#1" [stack: 0x00000078d1000000,0x00000078d1100000] [id=15952]
  0x0000018391e3db90 ConcurrentGCThread "G1 Refine#0" [stack: 0x00000078ce500000,0x00000078ce600000] [id=19700]
  0x0000018391e3e1d0 ConcurrentGCThread "G1 Service" [stack: 0x00000078ce600000,0x00000078ce700000] [id=17868]

Threads with active compile tasks:
C2 CompilerThread1  2425087 16799   !   4       org.gradle.cache.internal.DefaultMultiProcessSafeIndexedCache::getIfPresent (25 bytes)

VM state: not at safepoint (normal execution)

VM Mutex/Monitor currently owned by a thread: None

Heap address: 0x0000000080000000, size: 2048 MB, Compressed Oops mode: 32-bit

CDS archive(s) mapped at: [0x00000183b1000000-0x00000183b1bd0000-0x00000183b1bd0000), size 12386304, SharedBaseAddress: 0x00000183b1000000, ArchiveRelocationMode: 1.
Compressed class space mapped at: 0x00000183b2000000-0x00000183cc000000, reserved size: 436207616
Narrow klass base: 0x00000183b1000000, Narrow klass shift: 0, Narrow klass range: 0x100000000

GC Precious Log:
 CPUs: 8 total, 8 available
 Memory: 16268M
 Large Page Support: Disabled
 NUMA Support: Disabled
 Compressed Oops: Enabled (32-bit)
 Heap Region Size: 1M
 Heap Min Capacity: 8M
 Heap Initial Capacity: 256M
 Heap Max Capacity: 2G
 Pre-touch: Disabled
 Parallel Workers: 8
 Concurrent Workers: 2
 Concurrent Refinement Workers: 8
 Periodic GC: Disabled

Heap:
 garbage-first heap   total 279552K, used 200685K [0x0000000080000000, 0x0000000100000000)
  region size 1024K, 39 young (39936K), 7 survivors (7168K)
 Metaspace       used 107056K, committed 108032K, reserved 557056K
  class space    used 14765K, committed 15232K, reserved 425984K

Heap Regions: E=young(eden), S=young(survivor), O=old, HS=humongous(starts), HC=humongous(continues), CS=collection set, F=free, OA=open archive, CA=closed archive, TAMS=top-at-mark-start (previous, next)
|   0|0x0000000080000000, 0x0000000080100000, 0x0000000080100000|100%|HS|  |TAMS 0x0000000080100000, 0x0000000080100000| Complete 
|   1|0x0000000080100000, 0x0000000080200000, 0x0000000080200000|100%|HC|  |TAMS 0x0000000080200000, 0x0000000080200000| Complete 
|   2|0x0000000080200000, 0x0000000080300000, 0x0000000080300000|100%|HC|  |TAMS 0x0000000080300000, 0x0000000080300000| Complete 
|   3|0x0000000080300000, 0x0000000080400000, 0x0000000080400000|100%|HC|  |TAMS 0x0000000080400000, 0x0000000080400000| Complete 
|   4|0x0000000080400000, 0x0000000080500000, 0x0000000080500000|100%| O|  |TAMS 0x0000000080500000, 0x0000000080500000| Untracked 
|   5|0x0000000080500000, 0x0000000080600000, 0x0000000080600000|100%| O|  |TAMS 0x0000000080600000, 0x0000000080600000| Untracked 
|   6|0x0000000080600000, 0x0000000080700000, 0x0000000080700000|100%| O|  |TAMS 0x0000000080700000, 0x0000000080700000| Untracked 
|   7|0x0000000080700000, 0x0000000080800000, 0x0000000080800000|100%| O|  |TAMS 0x0000000080800000, 0x0000000080800000| Untracked 
|   8|0x0000000080800000, 0x0000000080900000, 0x0000000080900000|100%| O|  |TAMS 0x0000000080900000, 0x0000000080900000| Untracked 
|   9|0x0000000080900000, 0x0000000080a00000, 0x0000000080a00000|100%| O|  |TAMS 0x0000000080a00000, 0x0000000080a00000| Untracked 
|  10|0x0000000080a00000, 0x0000000080b00000, 0x0000000080b00000|100%| O|  |TAMS 0x0000000080b00000, 0x0000000080b00000| Untracked 
|  11|0x0000000080b00000, 0x0000000080c00000, 0x0000000080c00000|100%| O|  |TAMS 0x0000000080c00000, 0x0000000080c00000| Untracked 
|  12|0x0000000080c00000, 0x0000000080d00000, 0x0000000080d00000|100%| O|  |TAMS 0x0000000080d00000, 0x0000000080d00000| Untracked 
|  13|0x0000000080d00000, 0x0000000080e00000, 0x0000000080e00000|100%| O|  |TAMS 0x0000000080e00000, 0x0000000080e00000| Untracked 
|  14|0x0000000080e00000, 0x0000000080f00000, 0x0000000080f00000|100%| O|  |TAMS 0x0000000080f00000, 0x0000000080f00000| Untracked 
|  15|0x0000000080f00000, 0x0000000081000000, 0x0000000081000000|100%| O|  |TAMS 0x0000000081000000, 0x0000000081000000| Untracked 
|  16|0x0000000081000000, 0x0000000081100000, 0x0000000081100000|100%| O|  |TAMS 0x0000000081100000, 0x0000000081100000| Untracked 
|  17|0x0000000081100000, 0x0000000081200000, 0x0000000081200000|100%| O|  |TAMS 0x0000000081200000, 0x0000000081200000| Untracked 
|  18|0x0000000081200000, 0x0000000081300000, 0x0000000081300000|100%| O|  |TAMS 0x0000000081300000, 0x0000000081300000| Untracked 
|  19|0x0000000081300000, 0x0000000081400000, 0x0000000081400000|100%| O|  |TAMS 0x0000000081400000, 0x0000000081400000| Untracked 
|  20|0x0000000081400000, 0x0000000081500000, 0x0000000081500000|100%| O|  |TAMS 0x0000000081500000, 0x0000000081500000| Untracked 
|  21|0x0000000081500000, 0x0000000081600000, 0x0000000081600000|100%| O|  |TAMS 0x0000000081600000, 0x0000000081600000| Untracked 
|  22|0x0000000081600000, 0x0000000081700000, 0x0000000081700000|100%| O|  |TAMS 0x0000000081700000, 0x0000000081700000| Untracked 
|  23|0x0000000081700000, 0x0000000081800000, 0x0000000081800000|100%| O|  |TAMS 0x0000000081800000, 0x0000000081800000| Untracked 
|  24|0x0000000081800000, 0x0000000081900000, 0x0000000081900000|100%| O|  |TAMS 0x0000000081900000, 0x0000000081900000| Untracked 
|  25|0x0000000081900000, 0x0000000081a00000, 0x0000000081a00000|100%| O|  |TAMS 0x0000000081a00000, 0x0000000081a00000| Untracked 
|  26|0x0000000081a00000, 0x0000000081b00000, 0x0000000081b00000|100%| O|  |TAMS 0x0000000081b00000, 0x0000000081b00000| Untracked 
|  27|0x0000000081b00000, 0x0000000081c00000, 0x0000000081c00000|100%| O|  |TAMS 0x0000000081c00000, 0x0000000081c00000| Untracked 
|  28|0x0000000081c00000, 0x0000000081d00000, 0x0000000081d00000|100%| O|  |TAMS 0x0000000081d00000, 0x0000000081d00000| Untracked 
|  29|0x0000000081d00000, 0x0000000081e00000, 0x0000000081e00000|100%| O|  |TAMS 0x0000000081e00000, 0x0000000081e00000| Untracked 
|  30|0x0000000081e00000, 0x0000000081f00000, 0x0000000081f00000|100%| O|  |TAMS 0x0000000081f00000, 0x0000000081f00000| Untracked 
|  31|0x0000000081f00000, 0x0000000082000000, 0x0000000082000000|100%| O|  |TAMS 0x0000000082000000, 0x0000000082000000| Untracked 
|  32|0x0000000082000000, 0x0000000082100000, 0x0000000082100000|100%| O|  |TAMS 0x0000000082100000, 0x0000000082100000| Untracked 
|  33|0x0000000082100000, 0x0000000082200000, 0x0000000082200000|100%| O|  |TAMS 0x0000000082200000, 0x0000000082200000| Untracked 
|  34|0x0000000082200000, 0x0000000082300000, 0x0000000082300000|100%|HS|  |TAMS 0x0000000082300000, 0x0000000082300000| Complete 
|  35|0x0000000082300000, 0x0000000082400000, 0x0000000082400000|100%|HC|  |TAMS 0x0000000082400000, 0x0000000082400000| Complete 
|  36|0x0000000082400000, 0x0000000082500000, 0x0000000082500000|100%|HS|  |TAMS 0x0000000082500000, 0x0000000082500000| Complete 
|  37|0x0000000082500000, 0x0000000082600000, 0x0000000082600000|100%|HC|  |TAMS 0x0000000082600000, 0x0000000082600000| Complete 
|  38|0x0000000082600000, 0x0000000082700000, 0x0000000082700000|100%|HS|  |TAMS 0x0000000082700000, 0x0000000082700000| Complete 
|  39|0x0000000082700000, 0x0000000082800000, 0x0000000082800000|100%|HC|  |TAMS 0x0000000082800000, 0x0000000082800000| Complete 
|  40|0x0000000082800000, 0x0000000082900000, 0x0000000082900000|100%|HC|  |TAMS 0x0000000082900000, 0x0000000082900000| Complete 
|  41|0x0000000082900000, 0x0000000082a00000, 0x0000000082a00000|100%|HC|  |TAMS 0x0000000082a00000, 0x0000000082a00000| Complete 
|  42|0x0000000082a00000, 0x0000000082b00000, 0x0000000082b00000|100%|HS|  |TAMS 0x0000000082b00000, 0x0000000082b00000| Complete 
|  43|0x0000000082b00000, 0x0000000082c00000, 0x0000000082c00000|100%|HC|  |TAMS 0x0000000082c00000, 0x0000000082c00000| Complete 
|  44|0x0000000082c00000, 0x0000000082d00000, 0x0000000082d00000|100%|HC|  |TAMS 0x0000000082d00000, 0x0000000082d00000| Complete 
|  45|0x0000000082d00000, 0x0000000082e00000, 0x0000000082e00000|100%|HC|  |TAMS 0x0000000082e00000, 0x0000000082e00000| Complete 
|  46|0x0000000082e00000, 0x0000000082f00000, 0x0000000082f00000|100%| O|  |TAMS 0x0000000082f00000, 0x0000000082f00000| Untracked 
|  47|0x0000000082f00000, 0x0000000083000000, 0x0000000083000000|100%| O|  |TAMS 0x0000000083000000, 0x0000000083000000| Untracked 
|  48|0x0000000083000000, 0x0000000083100000, 0x0000000083100000|100%| O|  |TAMS 0x0000000083100000, 0x0000000083100000| Untracked 
|  49|0x0000000083100000, 0x0000000083200000, 0x0000000083200000|100%| O|  |TAMS 0x0000000083200000, 0x0000000083200000| Untracked 
|  50|0x0000000083200000, 0x0000000083300000, 0x0000000083300000|100%| O|  |TAMS 0x0000000083300000, 0x0000000083300000| Untracked 
|  51|0x0000000083300000, 0x0000000083400000, 0x0000000083400000|100%| O|  |TAMS 0x0000000083400000, 0x0000000083400000| Untracked 
|  52|0x0000000083400000, 0x0000000083500000, 0x0000000083500000|100%| O|  |TAMS 0x0000000083500000, 0x0000000083500000| Untracked 
|  53|0x0000000083500000, 0x0000000083600000, 0x0000000083600000|100%| O|  |TAMS 0x0000000083600000, 0x0000000083600000| Untracked 
|  54|0x0000000083600000, 0x0000000083700000, 0x0000000083700000|100%| O|  |TAMS 0x0000000083700000, 0x0000000083700000| Untracked 
|  55|0x0000000083700000, 0x0000000083800000, 0x0000000083800000|100%| O|  |TAMS 0x0000000083800000, 0x0000000083800000| Untracked 
|  56|0x0000000083800000, 0x0000000083900000, 0x0000000083900000|100%| O|  |TAMS 0x0000000083900000, 0x0000000083900000| Untracked 
|  57|0x0000000083900000, 0x0000000083a00000, 0x0000000083a00000|100%|HS|  |TAMS 0x0000000083a00000, 0x0000000083a00000| Complete 
|  58|0x0000000083a00000, 0x0000000083b00000, 0x0000000083b00000|100%|HS|  |TAMS 0x0000000083b00000, 0x0000000083b00000| Complete 
|  59|0x0000000083b00000, 0x0000000083c00000, 0x0000000083c00000|100%|HS|  |TAMS 0x0000000083c00000, 0x0000000083c00000| Complete 
|  60|0x0000000083c00000, 0x0000000083d00000, 0x0000000083d00000|100%| O|  |TAMS 0x0000000083d00000, 0x0000000083d00000| Untracked 
|  61|0x0000000083d00000, 0x0000000083e00000, 0x0000000083e00000|100%|HS|  |TAMS 0x0000000083e00000, 0x0000000083e00000| Complete 
|  62|0x0000000083e00000, 0x0000000083f00000, 0x0000000083f00000|100%| O|  |TAMS 0x0000000083f00000, 0x0000000083f00000| Untracked 
|  63|0x0000000083f00000, 0x0000000084000000, 0x0000000084000000|100%| O|  |TAMS 0x0000000084000000, 0x0000000084000000| Untracked 
|  64|0x0000000084000000, 0x0000000084100000, 0x0000000084100000|100%| O|  |TAMS 0x0000000084100000, 0x0000000084100000| Untracked 
|  65|0x0000000084100000, 0x0000000084200000, 0x0000000084200000|100%| O|  |TAMS 0x0000000084200000, 0x0000000084200000| Untracked 
|  66|0x0000000084200000, 0x0000000084300000, 0x0000000084300000|100%| O|  |TAMS 0x0000000084300000, 0x0000000084300000| Untracked 
|  67|0x0000000084300000, 0x0000000084400000, 0x0000000084400000|100%| O|  |TAMS 0x0000000084400000, 0x0000000084400000| Untracked 
|  68|0x0000000084400000, 0x0000000084500000, 0x0000000084500000|100%| O|  |TAMS 0x0000000084500000, 0x0000000084500000| Untracked 
|  69|0x0000000084500000, 0x0000000084600000, 0x0000000084600000|100%| O|  |TAMS 0x0000000084600000, 0x0000000084600000| Untracked 
|  70|0x0000000084600000, 0x0000000084700000, 0x0000000084700000|100%| O|  |TAMS 0x0000000084700000, 0x0000000084700000| Untracked 
|  71|0x0000000084700000, 0x0000000084800000, 0x0000000084800000|100%| O|  |TAMS 0x0000000084800000, 0x0000000084800000| Untracked 
|  72|0x0000000084800000, 0x0000000084900000, 0x0000000084900000|100%| O|  |TAMS 0x0000000084900000, 0x0000000084900000| Untracked 
|  73|0x0000000084900000, 0x0000000084a00000, 0x0000000084a00000|100%| O|  |TAMS 0x0000000084a00000, 0x0000000084a00000| Untracked 
|  74|0x0000000084a00000, 0x0000000084b00000, 0x0000000084b00000|100%| O|  |TAMS 0x0000000084b00000, 0x0000000084b00000| Untracked 
|  75|0x0000000084b00000, 0x0000000084c00000, 0x0000000084c00000|100%| O|  |TAMS 0x0000000084c00000, 0x0000000084c00000| Untracked 
|  76|0x0000000084c00000, 0x0000000084d00000, 0x0000000084d00000|100%| O|  |TAMS 0x0000000084d00000, 0x0000000084d00000| Untracked 
|  77|0x0000000084d00000, 0x0000000084e00000, 0x0000000084e00000|100%| O|  |TAMS 0x0000000084e00000, 0x0000000084e00000| Untracked 
|  78|0x0000000084e00000, 0x0000000084f00000, 0x0000000084f00000|100%| O|  |TAMS 0x0000000084f00000, 0x0000000084f00000| Untracked 
|  79|0x0000000084f00000, 0x0000000085000000, 0x0000000085000000|100%| O|  |TAMS 0x0000000085000000, 0x0000000085000000| Untracked 
|  80|0x0000000085000000, 0x0000000085100000, 0x0000000085100000|100%| O|  |TAMS 0x0000000085100000, 0x0000000085100000| Untracked 
|  81|0x0000000085100000, 0x0000000085200000, 0x0000000085200000|100%| O|  |TAMS 0x0000000085200000, 0x0000000085200000| Untracked 
|  82|0x0000000085200000, 0x0000000085300000, 0x0000000085300000|100%| O|  |TAMS 0x0000000085300000, 0x0000000085300000| Untracked 
|  83|0x0000000085300000, 0x0000000085400000, 0x0000000085400000|100%| O|  |TAMS 0x0000000085400000, 0x0000000085400000| Untracked 
|  84|0x0000000085400000, 0x0000000085500000, 0x0000000085500000|100%| O|  |TAMS 0x0000000085500000, 0x0000000085500000| Untracked 
|  85|0x0000000085500000, 0x0000000085600000, 0x0000000085600000|100%| O|  |TAMS 0x0000000085600000, 0x0000000085600000| Untracked 
|  86|0x0000000085600000, 0x0000000085700000, 0x0000000085700000|100%| O|  |TAMS 0x0000000085700000, 0x0000000085700000| Untracked 
|  87|0x0000000085700000, 0x0000000085800000, 0x0000000085800000|100%| O|  |TAMS 0x0000000085800000, 0x0000000085800000| Untracked 
|  88|0x0000000085800000, 0x0000000085900000, 0x0000000085900000|100%| O|  |TAMS 0x0000000085900000, 0x0000000085900000| Untracked 
|  89|0x0000000085900000, 0x0000000085a00000, 0x0000000085a00000|100%| O|  |TAMS 0x0000000085a00000, 0x0000000085a00000| Untracked 
|  90|0x0000000085a00000, 0x0000000085b00000, 0x0000000085b00000|100%| O|  |TAMS 0x0000000085b00000, 0x0000000085b00000| Untracked 
|  91|0x0000000085b00000, 0x0000000085c00000, 0x0000000085c00000|100%|HS|  |TAMS 0x0000000085c00000, 0x0000000085c00000| Complete 
|  92|0x0000000085c00000, 0x0000000085d00000, 0x0000000085d00000|100%|HS|  |TAMS 0x0000000085d00000, 0x0000000085d00000| Complete 
|  93|0x0000000085d00000, 0x0000000085e00000, 0x0000000085e00000|100%| O|  |TAMS 0x0000000085d00000, 0x0000000085e00000| Untracked 
|  94|0x0000000085e00000, 0x0000000085f00000, 0x0000000085f00000|100%|HS|  |TAMS 0x0000000085f00000, 0x0000000085f00000| Complete 
|  95|0x0000000085f00000, 0x0000000086000000, 0x0000000086000000|100%|HC|  |TAMS 0x0000000086000000, 0x0000000086000000| Complete 
|  96|0x0000000086000000, 0x0000000086100000, 0x0000000086100000|100%| O|  |TAMS 0x0000000086100000, 0x0000000086100000| Untracked 
|  97|0x0000000086100000, 0x0000000086200000, 0x0000000086200000|100%| O|  |TAMS 0x0000000086200000, 0x0000000086200000| Untracked 
|  98|0x0000000086200000, 0x0000000086300000, 0x0000000086300000|100%| O|  |TAMS 0x0000000086300000, 0x0000000086300000| Untracked 
|  99|0x0000000086300000, 0x0000000086400000, 0x0000000086400000|100%| O|  |TAMS 0x0000000086400000, 0x0000000086400000| Untracked 
| 100|0x0000000086400000, 0x0000000086500000, 0x0000000086500000|100%| O|  |TAMS 0x0000000086500000, 0x0000000086500000| Untracked 
| 101|0x0000000086500000, 0x0000000086600000, 0x0000000086600000|100%| O|  |TAMS 0x0000000086600000, 0x0000000086600000| Untracked 
| 102|0x0000000086600000, 0x0000000086700000, 0x0000000086700000|100%| O|  |TAMS 0x0000000086700000, 0x0000000086700000| Untracked 
| 103|0x0000000086700000, 0x0000000086800000, 0x0000000086800000|100%| O|  |TAMS 0x0000000086761600, 0x0000000086800000| Untracked 
| 104|0x0000000086800000, 0x0000000086900000, 0x0000000086900000|100%| O|  |TAMS 0x0000000086800000, 0x0000000086900000| Untracked 
| 105|0x0000000086900000, 0x0000000086a00000, 0x0000000086a00000|100%| O|  |TAMS 0x0000000086900000, 0x0000000086a00000| Untracked 
| 106|0x0000000086a00000, 0x0000000086b00000, 0x0000000086b00000|100%| O|  |TAMS 0x0000000086a00000, 0x0000000086b00000| Untracked 
| 107|0x0000000086b00000, 0x0000000086c00000, 0x0000000086c00000|100%| O|  |TAMS 0x0000000086b00000, 0x0000000086c00000| Untracked 
| 108|0x0000000086c00000, 0x0000000086d00000, 0x0000000086d00000|100%| O|  |TAMS 0x0000000086c00000, 0x0000000086d00000| Untracked 
| 109|0x0000000086d00000, 0x0000000086e00000, 0x0000000086e00000|100%| O|  |TAMS 0x0000000086d00000, 0x0000000086e00000| Untracked 
| 110|0x0000000086e00000, 0x0000000086f00000, 0x0000000086f00000|100%|HS|  |TAMS 0x0000000086e00000, 0x0000000086f00000| Complete 
| 111|0x0000000086f00000, 0x0000000087000000, 0x0000000087000000|100%| O|  |TAMS 0x0000000086f00000, 0x0000000087000000| Untracked 
| 112|0x0000000087000000, 0x0000000087100000, 0x0000000087100000|100%| O|  |TAMS 0x0000000087000000, 0x0000000087100000| Untracked 
| 113|0x0000000087100000, 0x0000000087200000, 0x0000000087200000|100%| O|  |TAMS 0x0000000087100000, 0x0000000087200000| Untracked 
| 114|0x0000000087200000, 0x0000000087300000, 0x0000000087300000|100%| O|  |TAMS 0x0000000087200000, 0x0000000087300000| Untracked 
| 115|0x0000000087300000, 0x0000000087400000, 0x0000000087400000|100%| O|  |TAMS 0x0000000087300000, 0x0000000087400000| Untracked 
| 116|0x0000000087400000, 0x0000000087500000, 0x0000000087500000|100%| O|  |TAMS 0x0000000087400000, 0x0000000087500000| Untracked 
| 117|0x0000000087500000, 0x0000000087600000, 0x0000000087600000|100%| O|  |TAMS 0x0000000087500000, 0x0000000087600000| Untracked 
| 118|0x0000000087600000, 0x0000000087700000, 0x0000000087700000|100%| O|  |TAMS 0x0000000087600000, 0x0000000087700000| Untracked 
| 119|0x0000000087700000, 0x0000000087800000, 0x0000000087800000|100%| O|  |TAMS 0x0000000087700000, 0x0000000087800000| Untracked 
| 120|0x0000000087800000, 0x0000000087900000, 0x0000000087900000|100%| O|  |TAMS 0x0000000087800000, 0x0000000087900000| Untracked 
| 121|0x0000000087900000, 0x0000000087a00000, 0x0000000087a00000|100%| O|  |TAMS 0x0000000087900000, 0x0000000087a00000| Untracked 
| 122|0x0000000087a00000, 0x0000000087b00000, 0x0000000087b00000|100%| O|  |TAMS 0x0000000087a00000, 0x0000000087b00000| Untracked 
| 123|0x0000000087b00000, 0x0000000087c00000, 0x0000000087c00000|100%| O|  |TAMS 0x0000000087b00000, 0x0000000087c00000| Untracked 
| 124|0x0000000087c00000, 0x0000000087d00000, 0x0000000087d00000|100%| O|  |TAMS 0x0000000087c00000, 0x0000000087d00000| Untracked 
| 125|0x0000000087d00000, 0x0000000087e00000, 0x0000000087e00000|100%| O|  |TAMS 0x0000000087d00000, 0x0000000087e00000| Untracked 
| 126|0x0000000087e00000, 0x0000000087f00000, 0x0000000087f00000|100%| O|  |TAMS 0x0000000087e00000, 0x0000000087f00000| Untracked 
| 127|0x0000000087f00000, 0x0000000088000000, 0x0000000088000000|100%| O|  |TAMS 0x0000000087f00000, 0x0000000088000000| Untracked 
| 128|0x0000000088000000, 0x0000000088100000, 0x0000000088100000|100%| O|  |TAMS 0x0000000088000000, 0x0000000088100000| Untracked 
| 129|0x0000000088100000, 0x0000000088200000, 0x0000000088200000|100%| O|  |TAMS 0x0000000088100000, 0x0000000088200000| Untracked 
| 130|0x0000000088200000, 0x0000000088300000, 0x0000000088300000|100%| O|  |TAMS 0x0000000088200000, 0x0000000088300000| Untracked 
| 131|0x0000000088300000, 0x0000000088400000, 0x0000000088400000|100%| O|  |TAMS 0x0000000088300000, 0x0000000088400000| Untracked 
| 132|0x0000000088400000, 0x0000000088500000, 0x0000000088500000|100%| O|  |TAMS 0x0000000088400000, 0x0000000088500000| Untracked 
| 133|0x0000000088500000, 0x0000000088600000, 0x0000000088600000|100%| O|  |TAMS 0x0000000088500000, 0x0000000088600000| Untracked 
| 134|0x0000000088600000, 0x0000000088700000, 0x0000000088700000|100%| O|  |TAMS 0x0000000088600000, 0x0000000088700000| Untracked 
| 135|0x0000000088700000, 0x0000000088800000, 0x0000000088800000|100%| O|  |TAMS 0x0000000088700000, 0x0000000088800000| Untracked 
| 136|0x0000000088800000, 0x0000000088900000, 0x0000000088900000|100%| O|  |TAMS 0x0000000088800000, 0x0000000088900000| Untracked 
| 137|0x0000000088900000, 0x0000000088a00000, 0x0000000088a00000|100%| O|  |TAMS 0x0000000088900000, 0x0000000088a00000| Untracked 
| 138|0x0000000088a00000, 0x0000000088b00000, 0x0000000088b00000|100%| O|  |TAMS 0x0000000088a00000, 0x0000000088b00000| Untracked 
| 139|0x0000000088b00000, 0x0000000088c00000, 0x0000000088c00000|100%| O|  |TAMS 0x0000000088b00000, 0x0000000088c00000| Untracked 
| 140|0x0000000088c00000, 0x0000000088c00000, 0x0000000088d00000|  0%| F|  |TAMS 0x0000000088c00000, 0x0000000088c00000| Untracked 
| 141|0x0000000088d00000, 0x0000000088d95200, 0x0000000088e00000| 58%| O|  |TAMS 0x0000000088d00000, 0x0000000088d00000| Untracked 
| 142|0x0000000088e00000, 0x0000000088f00000, 0x0000000088f00000|100%| O|  |TAMS 0x0000000088e00000, 0x0000000088f00000| Untracked 
| 143|0x0000000088f00000, 0x0000000089000000, 0x0000000089000000|100%| O|  |TAMS 0x0000000088f00000, 0x0000000089000000| Untracked 
| 144|0x0000000089000000, 0x0000000089100000, 0x0000000089100000|100%| O|  |TAMS 0x0000000089000000, 0x0000000089100000| Untracked 
| 145|0x0000000089100000, 0x0000000089200000, 0x0000000089200000|100%| O|  |TAMS 0x0000000089100000, 0x0000000089200000| Untracked 
| 146|0x0000000089200000, 0x0000000089300000, 0x0000000089300000|100%| O|  |TAMS 0x0000000089200000, 0x0000000089300000| Untracked 
| 147|0x0000000089300000, 0x0000000089400000, 0x0000000089400000|100%| O|  |TAMS 0x0000000089300000, 0x0000000089400000| Untracked 
| 148|0x0000000089400000, 0x0000000089400000, 0x0000000089500000|  0%| F|  |TAMS 0x0000000089400000, 0x0000000089400000| Untracked 
| 149|0x0000000089500000, 0x0000000089500000, 0x0000000089600000|  0%| F|  |TAMS 0x0000000089500000, 0x0000000089500000| Untracked 
| 150|0x0000000089600000, 0x0000000089700000, 0x0000000089700000|100%| O|  |TAMS 0x0000000089600000, 0x0000000089700000| Untracked 
| 151|0x0000000089700000, 0x0000000089800000, 0x0000000089800000|100%| O|  |TAMS 0x0000000089700000, 0x0000000089800000| Untracked 
| 152|0x0000000089800000, 0x0000000089900000, 0x0000000089900000|100%| O|  |TAMS 0x0000000089800000, 0x0000000089900000| Untracked 
| 153|0x0000000089900000, 0x0000000089a00000, 0x0000000089a00000|100%| O|  |TAMS 0x0000000089900000, 0x0000000089a00000| Untracked 
| 154|0x0000000089a00000, 0x0000000089b00000, 0x0000000089b00000|100%| O|  |TAMS 0x0000000089a00000, 0x0000000089b00000| Untracked 
| 155|0x0000000089b00000, 0x0000000089c00000, 0x0000000089c00000|100%| O|  |TAMS 0x0000000089b00000, 0x0000000089c00000| Untracked 
| 156|0x0000000089c00000, 0x0000000089d00000, 0x0000000089d00000|100%| O|  |TAMS 0x0000000089c00000, 0x0000000089d00000| Untracked 
| 157|0x0000000089d00000, 0x0000000089e00000, 0x0000000089e00000|100%| O|  |TAMS 0x0000000089d00000, 0x0000000089e00000| Untracked 
| 158|0x0000000089e00000, 0x0000000089f00000, 0x0000000089f00000|100%| O|  |TAMS 0x0000000089e00000, 0x0000000089ec9400| Untracked 
| 159|0x0000000089f00000, 0x0000000089f00000, 0x000000008a000000|  0%| F|  |TAMS 0x0000000089f00000, 0x0000000089f00000| Untracked 
| 160|0x000000008a000000, 0x000000008a000000, 0x000000008a100000|  0%| F|  |TAMS 0x000000008a000000, 0x000000008a000000| Untracked 
| 161|0x000000008a100000, 0x000000008a100000, 0x000000008a200000|  0%| F|  |TAMS 0x000000008a100000, 0x000000008a100000| Untracked 
| 162|0x000000008a200000, 0x000000008a200000, 0x000000008a300000|  0%| F|  |TAMS 0x000000008a200000, 0x000000008a200000| Untracked 
| 163|0x000000008a300000, 0x000000008a400000, 0x000000008a400000|100%| O|  |TAMS 0x000000008a300000, 0x000000008a300000| Untracked 
| 164|0x000000008a400000, 0x000000008a500000, 0x000000008a500000|100%| O|  |TAMS 0x000000008a400000, 0x000000008a400000| Untracked 
| 165|0x000000008a500000, 0x000000008a600000, 0x000000008a600000|100%| O|  |TAMS 0x000000008a500000, 0x000000008a500000| Untracked 
| 166|0x000000008a600000, 0x000000008a600000, 0x000000008a700000|  0%| F|  |TAMS 0x000000008a600000, 0x000000008a600000| Untracked 
| 167|0x000000008a700000, 0x000000008a700000, 0x000000008a800000|  0%| F|  |TAMS 0x000000008a700000, 0x000000008a700000| Untracked 
| 168|0x000000008a800000, 0x000000008a800000, 0x000000008a900000|  0%| F|  |TAMS 0x000000008a800000, 0x000000008a800000| Untracked 
| 169|0x000000008a900000, 0x000000008a900000, 0x000000008aa00000|  0%| F|  |TAMS 0x000000008a900000, 0x000000008a900000| Untracked 
| 170|0x000000008aa00000, 0x000000008aa00000, 0x000000008ab00000|  0%| F|  |TAMS 0x000000008aa00000, 0x000000008aa00000| Untracked 
| 171|0x000000008ab00000, 0x000000008ab00000, 0x000000008ac00000|  0%| F|  |TAMS 0x000000008ab00000, 0x000000008ab00000| Untracked 
| 172|0x000000008ac00000, 0x000000008ac00000, 0x000000008ad00000|  0%| F|  |TAMS 0x000000008ac00000, 0x000000008ac00000| Untracked 
| 173|0x000000008ad00000, 0x000000008ad00000, 0x000000008ae00000|  0%| F|  |TAMS 0x000000008ad00000, 0x000000008ad00000| Untracked 
| 174|0x000000008ae00000, 0x000000008ae00000, 0x000000008af00000|  0%| F|  |TAMS 0x000000008ae00000, 0x000000008ae00000| Untracked 
| 175|0x000000008af00000, 0x000000008af00000, 0x000000008b000000|  0%| F|  |TAMS 0x000000008af00000, 0x000000008af00000| Untracked 
| 176|0x000000008b000000, 0x000000008b000000, 0x000000008b100000|  0%| F|  |TAMS 0x000000008b000000, 0x000000008b000000| Untracked 
| 177|0x000000008b100000, 0x000000008b100000, 0x000000008b200000|  0%| F|  |TAMS 0x000000008b100000, 0x000000008b100000| Untracked 
| 178|0x000000008b200000, 0x000000008b200000, 0x000000008b300000|  0%| F|  |TAMS 0x000000008b200000, 0x000000008b200000| Untracked 
| 179|0x000000008b300000, 0x000000008b300000, 0x000000008b400000|  0%| F|  |TAMS 0x000000008b300000, 0x000000008b300000| Untracked 
| 180|0x000000008b400000, 0x000000008b400000, 0x000000008b500000|  0%| F|  |TAMS 0x000000008b400000, 0x000000008b400000| Untracked 
| 181|0x000000008b500000, 0x000000008b500000, 0x000000008b600000|  0%| F|  |TAMS 0x000000008b500000, 0x000000008b500000| Untracked 
| 182|0x000000008b600000, 0x000000008b600000, 0x000000008b700000|  0%| F|  |TAMS 0x000000008b600000, 0x000000008b600000| Untracked 
| 183|0x000000008b700000, 0x000000008b700000, 0x000000008b800000|  0%| F|  |TAMS 0x000000008b700000, 0x000000008b700000| Untracked 
| 184|0x000000008b800000, 0x000000008b800000, 0x000000008b900000|  0%| F|  |TAMS 0x000000008b800000, 0x000000008b800000| Untracked 
| 185|0x000000008b900000, 0x000000008b900000, 0x000000008ba00000|  0%| F|  |TAMS 0x000000008b900000, 0x000000008b900000| Untracked 
| 186|0x000000008ba00000, 0x000000008ba00000, 0x000000008bb00000|  0%| F|  |TAMS 0x000000008ba00000, 0x000000008ba00000| Untracked 
| 187|0x000000008bb00000, 0x000000008bb00000, 0x000000008bc00000|  0%| F|  |TAMS 0x000000008bb00000, 0x000000008bb00000| Untracked 
| 188|0x000000008bc00000, 0x000000008bc00000, 0x000000008bd00000|  0%| F|  |TAMS 0x000000008bc00000, 0x000000008bc00000| Untracked 
| 189|0x000000008bd00000, 0x000000008bd00000, 0x000000008be00000|  0%| F|  |TAMS 0x000000008bd00000, 0x000000008bd00000| Untracked 
| 190|0x000000008be00000, 0x000000008be00000, 0x000000008bf00000|  0%| F|  |TAMS 0x000000008be00000, 0x000000008be00000| Untracked 
| 191|0x000000008bf00000, 0x000000008bf00000, 0x000000008c000000|  0%| F|  |TAMS 0x000000008bf00000, 0x000000008bf00000| Untracked 
| 192|0x000000008c000000, 0x000000008c000000, 0x000000008c100000|  0%| F|  |TAMS 0x000000008c000000, 0x000000008c000000| Untracked 
| 193|0x000000008c100000, 0x000000008c100000, 0x000000008c200000|  0%| F|  |TAMS 0x000000008c100000, 0x000000008c100000| Untracked 
| 194|0x000000008c200000, 0x000000008c200000, 0x000000008c300000|  0%| F|  |TAMS 0x000000008c200000, 0x000000008c200000| Untracked 
| 195|0x000000008c300000, 0x000000008c300000, 0x000000008c400000|  0%| F|  |TAMS 0x000000008c300000, 0x000000008c300000| Untracked 
| 196|0x000000008c400000, 0x000000008c400000, 0x000000008c500000|  0%| F|  |TAMS 0x000000008c400000, 0x000000008c400000| Untracked 
| 197|0x000000008c500000, 0x000000008c500000, 0x000000008c600000|  0%| F|  |TAMS 0x000000008c500000, 0x000000008c500000| Untracked 
| 198|0x000000008c600000, 0x000000008c666500, 0x000000008c700000| 39%| S|CS|TAMS 0x000000008c600000, 0x000000008c600000| Complete 
| 199|0x000000008c700000, 0x000000008c800000, 0x000000008c800000|100%| S|CS|TAMS 0x000000008c700000, 0x000000008c700000| Complete 
| 200|0x000000008c800000, 0x000000008c900000, 0x000000008c900000|100%| S|CS|TAMS 0x000000008c800000, 0x000000008c800000| Complete 
| 201|0x000000008c900000, 0x000000008ca00000, 0x000000008ca00000|100%| S|CS|TAMS 0x000000008c900000, 0x000000008c900000| Complete 
| 202|0x000000008ca00000, 0x000000008cb00000, 0x000000008cb00000|100%| S|CS|TAMS 0x000000008ca00000, 0x000000008ca00000| Complete 
| 203|0x000000008cb00000, 0x000000008cc00000, 0x000000008cc00000|100%| S|CS|TAMS 0x000000008cb00000, 0x000000008cb00000| Complete 
| 204|0x000000008cc00000, 0x000000008cd00000, 0x000000008cd00000|100%| S|CS|TAMS 0x000000008cc00000, 0x000000008cc00000| Complete 
| 205|0x000000008cd00000, 0x000000008cd00000, 0x000000008ce00000|  0%| F|  |TAMS 0x000000008cd00000, 0x000000008cd00000| Untracked 
| 206|0x000000008ce00000, 0x000000008ce00000, 0x000000008cf00000|  0%| F|  |TAMS 0x000000008ce00000, 0x000000008ce00000| Untracked 
| 207|0x000000008cf00000, 0x000000008cf00000, 0x000000008d000000|  0%| F|  |TAMS 0x000000008cf00000, 0x000000008cf00000| Untracked 
| 208|0x000000008d000000, 0x000000008d000000, 0x000000008d100000|  0%| F|  |TAMS 0x000000008d000000, 0x000000008d000000| Untracked 
| 209|0x000000008d100000, 0x000000008d100000, 0x000000008d200000|  0%| F|  |TAMS 0x000000008d100000, 0x000000008d100000| Untracked 
| 210|0x000000008d200000, 0x000000008d200000, 0x000000008d300000|  0%| F|  |TAMS 0x000000008d200000, 0x000000008d200000| Untracked 
| 211|0x000000008d300000, 0x000000008d300000, 0x000000008d400000|  0%| F|  |TAMS 0x000000008d300000, 0x000000008d300000| Untracked 
| 212|0x000000008d400000, 0x000000008d400000, 0x000000008d500000|  0%| F|  |TAMS 0x000000008d400000, 0x000000008d400000| Untracked 
| 213|0x000000008d500000, 0x000000008d500000, 0x000000008d600000|  0%| F|  |TAMS 0x000000008d500000, 0x000000008d500000| Untracked 
| 214|0x000000008d600000, 0x000000008d600000, 0x000000008d700000|  0%| F|  |TAMS 0x000000008d600000, 0x000000008d600000| Untracked 
| 215|0x000000008d700000, 0x000000008d700000, 0x000000008d800000|  0%| F|  |TAMS 0x000000008d700000, 0x000000008d700000| Untracked 
| 216|0x000000008d800000, 0x000000008d800000, 0x000000008d900000|  0%| F|  |TAMS 0x000000008d800000, 0x000000008d800000| Untracked 
| 217|0x000000008d900000, 0x000000008d900000, 0x000000008da00000|  0%| F|  |TAMS 0x000000008d900000, 0x000000008d900000| Untracked 
| 218|0x000000008da00000, 0x000000008da00000, 0x000000008db00000|  0%| F|  |TAMS 0x000000008da00000, 0x000000008da00000| Untracked 
| 219|0x000000008db00000, 0x000000008db00000, 0x000000008dc00000|  0%| F|  |TAMS 0x000000008db00000, 0x000000008db00000| Untracked 
| 220|0x000000008dc00000, 0x000000008dc00000, 0x000000008dd00000|  0%| F|  |TAMS 0x000000008dc00000, 0x000000008dc00000| Untracked 
| 221|0x000000008dd00000, 0x000000008dd00000, 0x000000008de00000|  0%| F|  |TAMS 0x000000008dd00000, 0x000000008dd00000| Untracked 
| 222|0x000000008de00000, 0x000000008de00000, 0x000000008df00000|  0%| F|  |TAMS 0x000000008de00000, 0x000000008de00000| Untracked 
| 223|0x000000008df00000, 0x000000008df00000, 0x000000008e000000|  0%| F|  |TAMS 0x000000008df00000, 0x000000008df00000| Untracked 
| 224|0x000000008e000000, 0x000000008e000000, 0x000000008e100000|  0%| F|  |TAMS 0x000000008e000000, 0x000000008e000000| Untracked 
| 225|0x000000008e100000, 0x000000008e100000, 0x000000008e200000|  0%| F|  |TAMS 0x000000008e100000, 0x000000008e100000| Untracked 
| 226|0x000000008e200000, 0x000000008e200000, 0x000000008e300000|  0%| F|  |TAMS 0x000000008e200000, 0x000000008e200000| Untracked 
| 227|0x000000008e300000, 0x000000008e300000, 0x000000008e400000|  0%| F|  |TAMS 0x000000008e300000, 0x000000008e300000| Untracked 
| 228|0x000000008e400000, 0x000000008e400000, 0x000000008e500000|  0%| F|  |TAMS 0x000000008e400000, 0x000000008e400000| Untracked 
| 229|0x000000008e500000, 0x000000008e500000, 0x000000008e600000|  0%| F|  |TAMS 0x000000008e500000, 0x000000008e500000| Untracked 
| 230|0x000000008e600000, 0x000000008e600000, 0x000000008e700000|  0%| F|  |TAMS 0x000000008e600000, 0x000000008e600000| Untracked 
| 231|0x000000008e700000, 0x000000008e700000, 0x000000008e800000|  0%| F|  |TAMS 0x000000008e700000, 0x000000008e700000| Untracked 
| 232|0x000000008e800000, 0x000000008e800000, 0x000000008e900000|  0%| F|  |TAMS 0x000000008e800000, 0x000000008e800000| Untracked 
| 233|0x000000008e900000, 0x000000008e900000, 0x000000008ea00000|  0%| F|  |TAMS 0x000000008e900000, 0x000000008e900000| Untracked 
| 234|0x000000008ea00000, 0x000000008ea00000, 0x000000008eb00000|  0%| F|  |TAMS 0x000000008ea00000, 0x000000008ea00000| Untracked 
| 235|0x000000008eb00000, 0x000000008eb00000, 0x000000008ec00000|  0%| F|  |TAMS 0x000000008eb00000, 0x000000008eb00000| Untracked 
| 236|0x000000008ec00000, 0x000000008ec00000, 0x000000008ed00000|  0%| F|  |TAMS 0x000000008ec00000, 0x000000008ec00000| Untracked 
| 237|0x000000008ed00000, 0x000000008ed00000, 0x000000008ee00000|  0%| F|  |TAMS 0x000000008ed00000, 0x000000008ed00000| Untracked 
| 238|0x000000008ee00000, 0x000000008ee00000, 0x000000008ef00000|  0%| F|  |TAMS 0x000000008ee00000, 0x000000008ee00000| Untracked 
| 239|0x000000008ef00000, 0x000000008ef00000, 0x000000008f000000|  0%| F|  |TAMS 0x000000008ef00000, 0x000000008ef00000| Untracked 
| 240|0x000000008f000000, 0x000000008f000000, 0x000000008f100000|  0%| F|  |TAMS 0x000000008f000000, 0x000000008f000000| Untracked 
| 241|0x000000008f100000, 0x000000008f142ae0, 0x000000008f200000| 26%| E|  |TAMS 0x000000008f100000, 0x000000008f100000| Complete 
| 242|0x000000008f200000, 0x000000008f300000, 0x000000008f300000|100%| E|CS|TAMS 0x000000008f200000, 0x000000008f200000| Complete 
| 243|0x000000008f300000, 0x000000008f400000, 0x000000008f400000|100%| E|CS|TAMS 0x000000008f300000, 0x000000008f300000| Complete 
| 244|0x000000008f400000, 0x000000008f500000, 0x000000008f500000|100%| E|CS|TAMS 0x000000008f400000, 0x000000008f400000| Complete 
| 245|0x000000008f500000, 0x000000008f600000, 0x000000008f600000|100%| E|CS|TAMS 0x000000008f500000, 0x000000008f500000| Complete 
| 246|0x000000008f600000, 0x000000008f700000, 0x000000008f700000|100%| E|CS|TAMS 0x000000008f600000, 0x000000008f600000| Complete 
| 247|0x000000008f700000, 0x000000008f800000, 0x000000008f800000|100%| E|CS|TAMS 0x000000008f700000, 0x000000008f700000| Complete 
| 248|0x000000008f800000, 0x000000008f900000, 0x000000008f900000|100%| E|CS|TAMS 0x000000008f800000, 0x000000008f800000| Complete 
| 249|0x000000008f900000, 0x000000008fa00000, 0x000000008fa00000|100%| E|CS|TAMS 0x000000008f900000, 0x000000008f900000| Complete 
| 250|0x000000008fa00000, 0x000000008fb00000, 0x000000008fb00000|100%| E|CS|TAMS 0x000000008fa00000, 0x000000008fa00000| Complete 
| 251|0x000000008fb00000, 0x000000008fc00000, 0x000000008fc00000|100%| E|CS|TAMS 0x000000008fb00000, 0x000000008fb00000| Complete 
| 252|0x000000008fc00000, 0x000000008fd00000, 0x000000008fd00000|100%| E|CS|TAMS 0x000000008fc00000, 0x000000008fc00000| Complete 
| 253|0x000000008fd00000, 0x000000008fe00000, 0x000000008fe00000|100%| E|CS|TAMS 0x000000008fd00000, 0x000000008fd00000| Complete 
| 254|0x000000008fe00000, 0x000000008ff00000, 0x000000008ff00000|100%| E|CS|TAMS 0x000000008fe00000, 0x000000008fe00000| Complete 
| 255|0x000000008ff00000, 0x0000000090000000, 0x0000000090000000|100%| E|CS|TAMS 0x000000008ff00000, 0x000000008ff00000| Complete 
| 256|0x0000000090000000, 0x0000000090100000, 0x0000000090100000|100%| E|CS|TAMS 0x0000000090000000, 0x0000000090000000| Complete 
| 257|0x0000000090100000, 0x0000000090200000, 0x0000000090200000|100%| E|CS|TAMS 0x0000000090100000, 0x0000000090100000| Complete 
| 258|0x0000000090200000, 0x0000000090300000, 0x0000000090300000|100%| E|CS|TAMS 0x0000000090200000, 0x0000000090200000| Complete 
| 259|0x0000000090300000, 0x0000000090400000, 0x0000000090400000|100%| E|CS|TAMS 0x0000000090300000, 0x0000000090300000| Complete 
| 260|0x0000000090400000, 0x0000000090500000, 0x0000000090500000|100%| E|CS|TAMS 0x0000000090400000, 0x0000000090400000| Complete 
| 261|0x0000000090500000, 0x0000000090600000, 0x0000000090600000|100%| E|CS|TAMS 0x0000000090500000, 0x0000000090500000| Complete 
| 262|0x0000000090600000, 0x0000000090700000, 0x0000000090700000|100%| E|CS|TAMS 0x0000000090600000, 0x0000000090600000| Complete 
| 263|0x0000000090700000, 0x0000000090800000, 0x0000000090800000|100%| E|CS|TAMS 0x0000000090700000, 0x0000000090700000| Complete 
| 264|0x0000000090800000, 0x0000000090900000, 0x0000000090900000|100%| E|CS|TAMS 0x0000000090800000, 0x0000000090800000| Complete 
| 265|0x0000000090900000, 0x0000000090a00000, 0x0000000090a00000|100%| E|CS|TAMS 0x0000000090900000, 0x0000000090900000| Complete 
| 266|0x0000000090a00000, 0x0000000090b00000, 0x0000000090b00000|100%| E|CS|TAMS 0x0000000090a00000, 0x0000000090a00000| Complete 
| 267|0x0000000090b00000, 0x0000000090c00000, 0x0000000090c00000|100%| E|CS|TAMS 0x0000000090b00000, 0x0000000090b00000| Complete 
| 268|0x0000000090c00000, 0x0000000090d00000, 0x0000000090d00000|100%| E|CS|TAMS 0x0000000090c00000, 0x0000000090c00000| Complete 
| 269|0x0000000090d00000, 0x0000000090e00000, 0x0000000090e00000|100%| E|CS|TAMS 0x0000000090d00000, 0x0000000090d00000| Complete 
| 270|0x0000000090e00000, 0x0000000090f00000, 0x0000000090f00000|100%| E|CS|TAMS 0x0000000090e00000, 0x0000000090e00000| Complete 
| 271|0x0000000090f00000, 0x0000000091000000, 0x0000000091000000|100%| E|CS|TAMS 0x0000000090f00000, 0x0000000090f00000| Complete 
| 272|0x0000000091000000, 0x0000000091100000, 0x0000000091100000|100%| E|CS|TAMS 0x0000000091000000, 0x0000000091000000| Complete 

Card table byte_map: [0x00000183a8fb0000,0x00000183a93b0000] _byte_map_base: 0x00000183a8bb0000

Marking Bits (Prev, Next): (CMBitMap*) 0x0000018391de53a0, (CMBitMap*) 0x0000018391de53e0
 Prev Bits: [0x00000183a97b0000, 0x00000183ab7b0000)
 Next Bits: [0x00000183ab7b0000, 0x00000183ad7b0000)

Polling page: 0x000001838fee0000

Metaspace:

Usage:
  Non-class:     90.13 MB used.
      Class:     14.42 MB used.
       Both:    104.55 MB used.

Virtual space:
  Non-class space:      128.00 MB reserved,      90.62 MB ( 71%) committed,  2 nodes.
      Class space:      416.00 MB reserved,      14.88 MB (  4%) committed,  1 nodes.
             Both:      544.00 MB reserved,     105.50 MB ( 19%) committed. 

Chunk freelists:
   Non-Class:  5.08 MB
       Class:  985.00 KB
        Both:  6.04 MB

MaxMetaspaceSize: 512.00 MB
CompressedClassSpaceSize: 416.00 MB
Initial GC threshold: 21.00 MB
Current GC threshold: 151.81 MB
CDS: on
MetaspaceReclaimPolicy: balanced
 - commit_granule_bytes: 65536.
 - commit_granule_words: 8192.
 - virtual_space_node_default_size: 8388608.
 - enlarge_chunks_in_place: 1.
 - new_chunks_are_fully_committed: 0.
 - uncommit_free_chunks: 1.
 - use_allocation_guard: 0.
 - handle_deallocations: 1.


Internal statistics:

num_allocs_failed_limit: 9.
num_arena_births: 1306.
num_arena_deaths: 0.
num_vsnodes_births: 3.
num_vsnodes_deaths: 0.
num_space_committed: 1687.
num_space_uncommitted: 0.
num_chunks_returned_to_freelist: 9.
num_chunks_taken_from_freelist: 5803.
num_chunk_merges: 9.
num_chunk_splits: 3777.
num_chunks_enlarged: 2429.
num_inconsistent_stats: 0.

CodeHeap 'non-profiled nmethods': size=120000Kb used=9734Kb max_used=10217Kb free=110266Kb
 bounds [0x00000183a1350000, 0x00000183a1d50000, 0x00000183a8880000]
CodeHeap 'profiled nmethods': size=120000Kb used=27643Kb max_used=28477Kb free=92356Kb
 bounds [0x0000018399880000, 0x000001839b450000, 0x00000183a0db0000]
CodeHeap 'non-nmethods': size=5760Kb used=2446Kb max_used=2578Kb free=3313Kb
 bounds [0x00000183a0db0000, 0x00000183a1040000, 0x00000183a1350000]
 total_blobs=15228 nmethods=14244 adapters=896
 compilation: enabled
              stopped_count=0, restarted_count=0
 full_count=0

Compilation events (20 events):
Event: 2424.907 Thread 0x00000183d699b280 nmethod 16722 0x00000183a1b7da90 code [0x00000183a1b7e1c0, 0x00000183a1b83f70]
Event: 2424.907 Thread 0x00000183d699b280 16888       4       com.google.common.cache.LocalCache::getIfPresent (49 bytes)
Event: 2424.934 Thread 0x00000183d699b280 nmethod 16888 0x00000183a164dc90 code [0x00000183a164df40, 0x00000183a164f060]
Event: 2424.934 Thread 0x00000183d699b280 16777       4       java.util.LinkedHashMap::<init> (11 bytes)
Event: 2424.935 Thread 0x00000183d6994d90 nmethod 16818 0x00000183a1984a10 code [0x00000183a1984c80, 0x00000183a1985ac0]
Event: 2424.935 Thread 0x00000183d6994d90 16815       4       java.util.concurrent.locks.ReentrantLock$FairSync::tryAcquire (34 bytes)
Event: 2424.936 Thread 0x00000183d699b280 nmethod 16777 0x00000183a1803390 code [0x00000183a1803500, 0x00000183a18035d8]
Event: 2424.936 Thread 0x00000183d699b280 16798       4       org.gradle.cache.internal.DefaultCacheCoordinator$UnitOfWorkFileAccess::readFile (14 bytes)
Event: 2424.938 Thread 0x00000183d6994d90 nmethod 16815 0x00000183a1ae2310 code [0x00000183a1ae24a0, 0x00000183a1ae2708]
Event: 2424.938 Thread 0x00000183d6994d90 16799   !   4       org.gradle.cache.internal.DefaultMultiProcessSafeIndexedCache::getIfPresent (25 bytes)
Event: 2424.945 Thread 0x00000183d699b280 nmethod 16798 0x00000183a18e6a90 code [0x00000183a18e6ca0, 0x00000183a18e7510]
Event: 2424.945 Thread 0x00000183d699b280 16730       4       org.gradle.internal.component.external.model.DefaultModuleComponentArtifactIdentifier::getComponentIdentifier (5 bytes)
Event: 2424.946 Thread 0x00000183d699b280 nmethod 16730 0x00000183a1ae1e10 code [0x00000183a1ae1f80, 0x00000183a1ae1ff8]
Event: 2424.946 Thread 0x00000183d699b280 16724       4       org.gradle.internal.component.model.DefaultIvyArtifactName::<init> (34 bytes)
Event: 2424.956 Thread 0x00000183b022e9f0 nmethod 16729 0x00000183a179dd10 code [0x00000183a179e2e0, 0x00000183a17a3b80]
Event: 2424.957 Thread 0x00000183b022e9f0 16725       4       org.gradle.internal.component.model.DefaultIvyArtifactName::computeHashCode (71 bytes)
Event: 2424.986 Thread 0x00000183b022e9f0 nmethod 16725 0x00000183a18f4a10 code [0x00000183a18f4bc0, 0x00000183a18f5b58]
Event: 2424.986 Thread 0x00000183b022e9f0 16767       4       java.nio.file.Path::toFile (36 bytes)
Event: 2424.987 Thread 0x00000183d699b280 nmethod 16724 0x00000183a159c790 code [0x00000183a159c940, 0x00000183a159dcd8]
Event: 2424.987 Thread 0x00000183d699b280 16726       4       java.util.LinkedHashMap$LinkedEntrySet::iterator (12 bytes)

GC Heap History (20 events):
Event: 32.249 GC heap before
{Heap before GC invocations=49 (full 0):
 garbage-first heap   total 193536K, used 166419K [0x0000000080000000, 0x0000000100000000)
  region size 1024K, 17 young (17408K), 2 survivors (2048K)
 Metaspace       used 102960K, committed 103872K, reserved 557056K
  class space    used 14358K, committed 14784K, reserved 425984K
}
Event: 32.253 GC heap after
{Heap after GC invocations=50 (full 0):
 garbage-first heap   total 193536K, used 149940K [0x0000000080000000, 0x0000000100000000)
  region size 1024K, 3 young (3072K), 3 survivors (3072K)
 Metaspace       used 102960K, committed 103872K, reserved 557056K
  class space    used 14358K, committed 14784K, reserved 425984K
}
Event: 32.478 GC heap before
{Heap before GC invocations=50 (full 0):
 garbage-first heap   total 193536K, used 171444K [0x0000000080000000, 0x0000000100000000)
  region size 1024K, 19 young (19456K), 3 survivors (3072K)
 Metaspace       used 103067K, committed 104000K, reserved 557056K
  class space    used 14369K, committed 14784K, reserved 425984K
}
Event: 32.484 GC heap after
{Heap after GC invocations=51 (full 0):
 garbage-first heap   total 193536K, used 153575K [0x0000000080000000, 0x0000000100000000)
  region size 1024K, 3 young (3072K), 3 survivors (3072K)
 Metaspace       used 103067K, committed 104000K, reserved 557056K
  class space    used 14369K, committed 14784K, reserved 425984K
}
Event: 32.597 GC heap before
{Heap before GC invocations=51 (full 0):
 garbage-first heap   total 193536K, used 169959K [0x0000000080000000, 0x0000000100000000)
  region size 1024K, 18 young (18432K), 3 survivors (3072K)
 Metaspace       used 103069K, committed 104000K, reserved 557056K
  class space    used 14369K, committed 14784K, reserved 425984K
}
Event: 32.603 GC heap after
{Heap after GC invocations=52 (full 0):
 garbage-first heap   total 232448K, used 152950K [0x0000000080000000, 0x0000000100000000)
  region size 1024K, 2 young (2048K), 2 survivors (2048K)
 Metaspace       used 103069K, committed 104000K, reserved 557056K
  class space    used 14369K, committed 14784K, reserved 425984K
}
Event: 33.196 GC heap before
{Heap before GC invocations=52 (full 0):
 garbage-first heap   total 232448K, used 200054K [0x0000000080000000, 0x0000000100000000)
  region size 1024K, 45 young (46080K), 2 survivors (2048K)
 Metaspace       used 103186K, committed 104064K, reserved 557056K
  class space    used 14377K, committed 14784K, reserved 425984K
}
Event: 33.203 GC heap after
{Heap after GC invocations=53 (full 0):
 garbage-first heap   total 232448K, used 155469K [0x0000000080000000, 0x0000000100000000)
  region size 1024K, 4 young (4096K), 4 survivors (4096K)
 Metaspace       used 103186K, committed 104064K, reserved 557056K
  class space    used 14377K, committed 14784K, reserved 425984K
}
Event: 33.616 GC heap before
{Heap before GC invocations=53 (full 0):
 garbage-first heap   total 232448K, used 205645K [0x0000000080000000, 0x0000000100000000)
  region size 1024K, 46 young (47104K), 4 survivors (4096K)
 Metaspace       used 103350K, committed 104256K, reserved 557056K
  class space    used 14401K, committed 14848K, reserved 425984K
}
Event: 33.623 GC heap after
{Heap after GC invocations=54 (full 0):
 garbage-first heap   total 232448K, used 158707K [0x0000000080000000, 0x0000000100000000)
  region size 1024K, 6 young (6144K), 6 survivors (6144K)
 Metaspace       used 103350K, committed 104256K, reserved 557056K
  class space    used 14401K, committed 14848K, reserved 425984K
}
Event: 33.995 GC heap before
{Heap before GC invocations=54 (full 0):
 garbage-first heap   total 232448K, used 202739K [0x0000000080000000, 0x0000000100000000)
  region size 1024K, 46 young (47104K), 6 survivors (6144K)
 Metaspace       used 103395K, committed 104320K, reserved 557056K
  class space    used 14403K, committed 14848K, reserved 425984K
}
Event: 34.003 GC heap after
{Heap after GC invocations=55 (full 0):
 garbage-first heap   total 232448K, used 161573K [0x0000000080000000, 0x0000000100000000)
  region size 1024K, 3 young (3072K), 3 survivors (3072K)
 Metaspace       used 103395K, committed 104320K, reserved 557056K
  class space    used 14403K, committed 14848K, reserved 425984K
}
Event: 34.406 GC heap before
{Heap before GC invocations=55 (full 0):
 garbage-first heap   total 232448K, used 199461K [0x0000000080000000, 0x0000000100000000)
  region size 1024K, 41 young (41984K), 3 survivors (3072K)
 Metaspace       used 103420K, committed 104320K, reserved 557056K
  class space    used 14403K, committed 14848K, reserved 425984K
}
Event: 34.412 GC heap after
{Heap after GC invocations=56 (full 0):
 garbage-first heap   total 232448K, used 162409K [0x0000000080000000, 0x0000000100000000)
  region size 1024K, 4 young (4096K), 4 survivors (4096K)
 Metaspace       used 103420K, committed 104320K, reserved 557056K
  class space    used 14403K, committed 14848K, reserved 425984K
}
Event: 34.795 GC heap before
{Heap before GC invocations=56 (full 0):
 garbage-first heap   total 232448K, used 198249K [0x0000000080000000, 0x0000000100000000)
  region size 1024K, 33 young (33792K), 4 survivors (4096K)
 Metaspace       used 103767K, committed 104768K, reserved 557056K
  class space    used 14447K, committed 14912K, reserved 425984K
}
Event: 34.802 GC heap after
{Heap after GC invocations=57 (full 0):
 garbage-first heap   total 232448K, used 168689K [0x0000000080000000, 0x0000000100000000)
  region size 1024K, 4 young (4096K), 4 survivors (4096K)
 Metaspace       used 103767K, committed 104768K, reserved 557056K
  class space    used 14447K, committed 14912K, reserved 425984K
}
Event: 44.356 GC heap before
{Heap before GC invocations=57 (full 0):
 garbage-first heap   total 232448K, used 201457K [0x0000000080000000, 0x0000000100000000)
  region size 1024K, 36 young (36864K), 4 survivors (4096K)
 Metaspace       used 106451K, committed 107456K, reserved 557056K
  class space    used 14750K, committed 15232K, reserved 425984K
}
Event: 44.364 GC heap after
{Heap after GC invocations=58 (full 0):
 garbage-first heap   total 279552K, used 167330K [0x0000000080000000, 0x0000000100000000)
  region size 1024K, 5 young (5120K), 5 survivors (5120K)
 Metaspace       used 106451K, committed 107456K, reserved 557056K
  class space    used 14750K, committed 15232K, reserved 425984K
}
Event: 2424.439 GC heap before
{Heap before GC invocations=58 (full 0):
 garbage-first heap   total 279552K, used 235938K [0x0000000080000000, 0x0000000100000000)
  region size 1024K, 73 young (74752K), 5 survivors (5120K)
 Metaspace       used 106904K, committed 107904K, reserved 557056K
  class space    used 14763K, committed 15232K, reserved 425984K
}
Event: 2424.445 GC heap after
{Heap after GC invocations=59 (full 0):
 garbage-first heap   total 279552K, used 168941K [0x0000000080000000, 0x0000000100000000)
  region size 1024K, 7 young (7168K), 7 survivors (7168K)
 Metaspace       used 106904K, committed 107904K, reserved 557056K
  class space    used 14763K, committed 15232K, reserved 425984K
}

Dll operation events (14 events):
Event: 0.010 Loaded shared library C:\Program Files\Microsoft\jdk-17.0.8.7-hotspot\bin\java.dll
Event: 0.028 Loaded shared library C:\Program Files\Microsoft\jdk-17.0.8.7-hotspot\bin\jsvml.dll
Event: 0.075 Loaded shared library C:\Program Files\Microsoft\jdk-17.0.8.7-hotspot\bin\zip.dll
Event: 0.078 Loaded shared library C:\Program Files\Microsoft\jdk-17.0.8.7-hotspot\bin\instrument.dll
Event: 0.082 Loaded shared library C:\Program Files\Microsoft\jdk-17.0.8.7-hotspot\bin\net.dll
Event: 0.083 Loaded shared library C:\Program Files\Microsoft\jdk-17.0.8.7-hotspot\bin\nio.dll
Event: 0.087 Loaded shared library C:\Program Files\Microsoft\jdk-17.0.8.7-hotspot\bin\zip.dll
Event: 0.294 Loaded shared library C:\Program Files\Microsoft\jdk-17.0.8.7-hotspot\bin\jimage.dll
Event: 0.374 Loaded shared library C:\Program Files\Microsoft\jdk-17.0.8.7-hotspot\bin\verify.dll
Event: 0.555 Loaded shared library C:\Users\ollik\.gradle\native\68d5fa5c4cc2d200863cafc0d521ce42e7d3e7ee720ec0a83991735586a16f82\windows-amd64\native-platform.dll
Event: 0.572 Loaded shared library C:\Users\ollik\.gradle\native\e376f236ea51e6404a007f0833ffe2c6e607c4080706a723a18a27aeea778392\windows-amd64\native-platform-file-events.dll
Event: 1.541 Loaded shared library C:\Program Files\Microsoft\jdk-17.0.8.7-hotspot\bin\management.dll
Event: 1.543 Loaded shared library C:\Program Files\Microsoft\jdk-17.0.8.7-hotspot\bin\management_ext.dll
Event: 2.184 Loaded shared library C:\Program Files\Microsoft\jdk-17.0.8.7-hotspot\bin\sunmscapi.dll

Deoptimization events (20 events):
Event: 2424.642 Thread 0x00000183d33a69f0 DEOPT PACKING pc=0x00000183a1a119b8 sp=0x00000078cf4f8230
Event: 2424.642 Thread 0x00000183d33a69f0 DEOPT UNPACKING pc=0x00000183a0e069a3 sp=0x00000078cf4f81e0 mode 2
Event: 2424.706 Thread 0x00000183d5895c00 Uncommon trap: trap_request=0xffffffde fr.pc=0x00000183a1b3f134 relative=0x0000000000000294
Event: 2424.706 Thread 0x00000183d5895c00 Uncommon trap: reason=class_check action=maybe_recompile pc=0x00000183a1b3f134 method=java.util.concurrent.ConcurrentHashMap.get(Ljava/lang/Object;)Ljava/lang/Object; @ 93 c2
Event: 2424.706 Thread 0x00000183d5895c00 DEOPT PACKING pc=0x00000183a1b3f134 sp=0x00000078d39fe840
Event: 2424.706 Thread 0x00000183d5895c00 DEOPT UNPACKING pc=0x00000183a0e069a3 sp=0x00000078d39fe798 mode 2
Event: 2424.735 Thread 0x00000183d7184d80 DEOPT PACKING pc=0x0000018399e6a2b2 sp=0x00000078d43feba0
Event: 2424.735 Thread 0x00000183d7184d80 DEOPT UNPACKING pc=0x00000183a0e07143 sp=0x00000078d43fe0b0 mode 0
Event: 2424.735 Thread 0x00000183d33a69f0 Uncommon trap: trap_request=0xffffffde fr.pc=0x00000183a1b3f134 relative=0x0000000000000294
Event: 2424.735 Thread 0x00000183d33a69f0 Uncommon trap: reason=class_check action=maybe_recompile pc=0x00000183a1b3f134 method=java.util.concurrent.ConcurrentHashMap.get(Ljava/lang/Object;)Ljava/lang/Object; @ 93 c2
Event: 2424.735 Thread 0x00000183d33a69f0 DEOPT PACKING pc=0x00000183a1b3f134 sp=0x00000078cf4f8ab0
Event: 2424.735 Thread 0x00000183d33a69f0 DEOPT UNPACKING pc=0x00000183a0e069a3 sp=0x00000078cf4f8a08 mode 2
Event: 2424.761 Thread 0x00000183d39495a0 Uncommon trap: trap_request=0xffffff45 fr.pc=0x00000183a1cfbef4 relative=0x00000000000000d4
Event: 2424.761 Thread 0x00000183d39495a0 Uncommon trap: reason=unstable_if action=reinterpret pc=0x00000183a1cfbef4 method=java.util.concurrent.locks.AbstractQueuedSynchronizer.hasQueuedPredecessors()Z @ 33 c2
Event: 2424.761 Thread 0x00000183d39495a0 DEOPT PACKING pc=0x00000183a1cfbef4 sp=0x00000078d1cfe790
Event: 2424.761 Thread 0x00000183d39495a0 DEOPT UNPACKING pc=0x00000183a0e069a3 sp=0x00000078d1cfe710 mode 2
Event: 2424.768 Thread 0x00000183d33a69f0 Uncommon trap: trap_request=0xffffffbe fr.pc=0x00000183a188b664 relative=0x0000000000000344
Event: 2424.768 Thread 0x00000183d33a69f0 Uncommon trap: reason=profile_predicate action=maybe_recompile pc=0x00000183a188b664 method=java.math.BigInteger.longValue()J @ 5 c2
Event: 2424.768 Thread 0x00000183d33a69f0 DEOPT PACKING pc=0x00000183a188b664 sp=0x00000078cf4f6250
Event: 2424.768 Thread 0x00000183d33a69f0 DEOPT UNPACKING pc=0x00000183a0e069a3 sp=0x00000078cf4f61f8 mode 2

Classes unloaded (0 events):
No events

Classes redefined (0 events):
No events

Internal exceptions (20 events):
Event: 2421.991 Thread 0x00000183d33a69f0 Implicit null exception at 0x00000183a1cb4f0c to 0x00000183a1cb653c
Event: 2422.025 Thread 0x00000183d33a69f0 Exception <a 'sun/nio/fs/WindowsException'{0x000000008dcca928}> (0x000000008dcca928) 
thrown [s\src\hotspot\share\prims\jni.cpp, line 516]
Event: 2422.025 Thread 0x00000183d33a69f0 Exception <a 'sun/nio/fs/WindowsException'{0x000000008dccc190}> (0x000000008dccc190) 
thrown [s\src\hotspot\share\prims\jni.cpp, line 516]
Event: 2422.026 Thread 0x00000183d33a69f0 Exception <a 'sun/nio/fs/WindowsException'{0x000000008dccd708}> (0x000000008dccd708) 
thrown [s\src\hotspot\share\prims\jni.cpp, line 516]
Event: 2422.027 Thread 0x00000183d33a69f0 Exception <a 'sun/nio/fs/WindowsException'{0x000000008dccec60}> (0x000000008dccec60) 
thrown [s\src\hotspot\share\prims\jni.cpp, line 516]
Event: 2424.309 Thread 0x00000183d33a69f0 Exception <a 'sun/nio/fs/WindowsException'{0x000000008dbe02d8}> (0x000000008dbe02d8) 
thrown [s\src\hotspot\share\prims\jni.cpp, line 516]
Event: 2424.310 Thread 0x00000183d33a69f0 Exception <a 'sun/nio/fs/WindowsException'{0x000000008dbe1af8}> (0x000000008dbe1af8) 
thrown [s\src\hotspot\share\prims\jni.cpp, line 516]
Event: 2424.311 Thread 0x00000183d33a69f0 Exception <a 'sun/nio/fs/WindowsException'{0x000000008dbe3318}> (0x000000008dbe3318) 
thrown [s\src\hotspot\share\prims\jni.cpp, line 516]
Event: 2424.311 Thread 0x00000183d33a69f0 Exception <a 'sun/nio/fs/WindowsException'{0x000000008dbe4b18}> (0x000000008dbe4b18) 
thrown [s\src\hotspot\share\prims\jni.cpp, line 516]
Event: 2424.367 Thread 0x00000183d33a69f0 Exception <a 'sun/nio/fs/WindowsException'{0x000000008d035b58}> (0x000000008d035b58) 
thrown [s\src\hotspot\share\prims\jni.cpp, line 516]
Event: 2424.367 Thread 0x00000183d33a69f0 Exception <a 'sun/nio/fs/WindowsException'{0x000000008d035e18}> (0x000000008d035e18) 
thrown [s\src\hotspot\share\prims\jni.cpp, line 516]
Event: 2424.367 Thread 0x00000183d33a69f0 Exception <a 'sun/nio/fs/WindowsException'{0x000000008d038de0}> (0x000000008d038de0) 
thrown [s\src\hotspot\share\prims\jni.cpp, line 516]
Event: 2424.367 Thread 0x00000183d33a69f0 Exception <a 'sun/nio/fs/WindowsException'{0x000000008d039190}> (0x000000008d039190) 
thrown [s\src\hotspot\share\prims\jni.cpp, line 516]
Event: 2424.368 Thread 0x00000183d33a69f0 Exception <a 'sun/nio/fs/WindowsException'{0x000000008d03e1f0}> (0x000000008d03e1f0) 
thrown [s\src\hotspot\share\prims\jni.cpp, line 516]
Event: 2424.368 Thread 0x00000183d33a69f0 Exception <a 'sun/nio/fs/WindowsException'{0x000000008d03e5a0}> (0x000000008d03e5a0) 
thrown [s\src\hotspot\share\prims\jni.cpp, line 516]
Event: 2424.718 Thread 0x00000183d5891010 Exception <a 'sun/nio/fs/WindowsException'{0x000000008fe467b8}> (0x000000008fe467b8) 
thrown [s\src\hotspot\share\prims\jni.cpp, line 516]
Event: 2424.718 Thread 0x00000183d5891010 Exception <a 'sun/nio/fs/WindowsException'{0x000000008fe48b20}> (0x000000008fe48b20) 
thrown [s\src\hotspot\share\prims\jni.cpp, line 516]
Event: 2424.718 Thread 0x00000183d5891010 Exception <a 'sun/nio/fs/WindowsException'{0x000000008fe4aba8}> (0x000000008fe4aba8) 
thrown [s\src\hotspot\share\prims\jni.cpp, line 516]
Event: 2424.718 Thread 0x00000183d5891010 Exception <a 'sun/nio/fs/WindowsException'{0x000000008fe4c8c8}> (0x000000008fe4c8c8) 
thrown [s\src\hotspot\share\prims\jni.cpp, line 516]
Event: 2424.796 Thread 0x00000183d33a69f0 Exception <a 'sun/nio/fs/WindowsException'{0x000000008f454338}> (0x000000008f454338) 
thrown [s\src\hotspot\share\prims\jni.cpp, line 516]

VM Operations (20 events):
Event: 1812.940 Executing VM operation: Cleanup
Event: 1812.940 Executing VM operation: Cleanup done
Event: 2063.041 Executing VM operation: Cleanup
Event: 2063.041 Executing VM operation: Cleanup done
Event: 2397.835 Executing VM operation: Cleanup
Event: 2397.835 Executing VM operation: Cleanup done
Event: 2422.046 Executing VM operation: Cleanup
Event: 2422.046 Executing VM operation: Cleanup done
Event: 2423.047 Executing VM operation: Cleanup
Event: 2423.047 Executing VM operation: Cleanup done
Event: 2424.384 Executing VM operation: ICBufferFull
Event: 2424.384 Executing VM operation: ICBufferFull done
Event: 2424.439 Executing VM operation: G1CollectForAllocation
Event: 2424.445 Executing VM operation: G1CollectForAllocation done
Event: 2424.602 Executing VM operation: HandshakeAllThreads
Event: 2424.602 Executing VM operation: HandshakeAllThreads done
Event: 2424.660 Executing VM operation: ICBufferFull
Event: 2424.660 Executing VM operation: ICBufferFull done
Event: 2424.761 Executing VM operation: HandshakeAllThreads
Event: 2424.761 Executing VM operation: HandshakeAllThreads done

Events (20 events):
Event: 2424.787 Thread 0x00000183b0365750 flushing nmethod 0x000001839affed10
Event: 2424.787 Thread 0x00000183b0365750 flushing nmethod 0x000001839afff090
Event: 2424.787 Thread 0x00000183b0365750 flushing nmethod 0x000001839b000710
Event: 2424.787 Thread 0x00000183b0365750 flushing nmethod 0x000001839b003110
Event: 2424.787 Thread 0x00000183b0365750 flushing nmethod 0x000001839b003f10
Event: 2424.787 Thread 0x00000183b0365750 flushing nmethod 0x000001839b005e90
Event: 2424.787 Thread 0x00000183b0365750 flushing nmethod 0x000001839b00a390
Event: 2424.787 Thread 0x00000183b0365750 flushing nmethod 0x000001839b00ba10
Event: 2424.787 Thread 0x00000183b0365750 flushing nmethod 0x000001839b010890
Event: 2424.787 Thread 0x00000183b0365750 flushing nmethod 0x000001839b01c110
Event: 2424.787 Thread 0x00000183b0365750 flushing nmethod 0x000001839b02f110
Event: 2424.787 Thread 0x00000183b0365750 flushing nmethod 0x000001839b03ac90
Event: 2424.787 Thread 0x00000183b0365750 flushing nmethod 0x000001839b047510
Event: 2424.788 Thread 0x00000183b0365750 flushing nmethod 0x000001839b0c6a90
Event: 2424.788 Thread 0x00000183b0365750 flushing nmethod 0x000001839b0edd10
Event: 2424.788 Thread 0x00000183b0365750 flushing nmethod 0x000001839b0ee190
Event: 2424.788 Thread 0x00000183b0365750 flushing nmethod 0x000001839b0ee510
Event: 2424.788 Thread 0x00000183b0365750 flushing nmethod 0x000001839b104d10
Event: 2424.788 Thread 0x00000183b0365750 flushing nmethod 0x000001839b105510
Event: 2424.788 Thread 0x00000183b0365750 flushing nmethod 0x000001839b118910


Dynamic libraries:
0x00007ff67a120000 - 0x00007ff67a12e000 	C:\Program Files\Microsoft\jdk-17.0.8.7-hotspot\bin\java.exe
0x00007ffcf2750000 - 0x00007ffcf2948000 	C:\WINDOWS\SYSTEM32\ntdll.dll
0x00007ffcf0a20000 - 0x00007ffcf0add000 	C:\WINDOWS\System32\KERNEL32.DLL
0x00007ffcf0240000 - 0x00007ffcf0536000 	C:\WINDOWS\System32\KERNELBASE.dll
0x00007ffceffb0000 - 0x00007ffcf00b0000 	C:\WINDOWS\System32\ucrtbase.dll
0x00007ffcc8cf0000 - 0x00007ffcc8d07000 	C:\Program Files\Microsoft\jdk-17.0.8.7-hotspot\bin\jli.dll
0x00007ffccae40000 - 0x00007ffccae5b000 	C:\Program Files\Microsoft\jdk-17.0.8.7-hotspot\bin\VCRUNTIME140.dll
0x00007ffcf0d40000 - 0x00007ffcf0ede000 	C:\WINDOWS\System32\USER32.dll
0x00007ffce3ea0000 - 0x00007ffce413a000 	C:\WINDOWS\WinSxS\amd64_microsoft.windows.common-controls_6595b64144ccf1df_6.0.19041.3636_none_60b6a03d71f818d5\COMCTL32.dll
0x00007ffcf0540000 - 0x00007ffcf0562000 	C:\WINDOWS\System32\win32u.dll
0x00007ffcf1f70000 - 0x00007ffcf1f9c000 	C:\WINDOWS\System32\GDI32.dll
0x00007ffcf0ee0000 - 0x00007ffcf0f7e000 	C:\WINDOWS\System32\msvcrt.dll
0x00007ffcf0120000 - 0x00007ffcf023a000 	C:\WINDOWS\System32\gdi32full.dll
0x00007ffcf0620000 - 0x00007ffcf06bd000 	C:\WINDOWS\System32\msvcp_win.dll
0x00007ffcf2030000 - 0x00007ffcf2060000 	C:\WINDOWS\System32\IMM32.DLL
0x00007ffcd0060000 - 0x00007ffcd006c000 	C:\Program Files\Microsoft\jdk-17.0.8.7-hotspot\bin\vcruntime140_1.dll
0x00007ffc8fb00000 - 0x00007ffc8fb8d000 	C:\Program Files\Microsoft\jdk-17.0.8.7-hotspot\bin\msvcp140.dll
0x00007ffc79ca0000 - 0x00007ffc7a905000 	C:\Program Files\Microsoft\jdk-17.0.8.7-hotspot\bin\server\jvm.dll
0x00007ffcf0c20000 - 0x00007ffcf0cd3000 	C:\WINDOWS\System32\ADVAPI32.dll
0x00007ffcf0f80000 - 0x00007ffcf101f000 	C:\WINDOWS\System32\sechost.dll
0x00007ffcf0820000 - 0x00007ffcf0946000 	C:\WINDOWS\System32\RPCRT4.dll
0x00007ffceff80000 - 0x00007ffceffa7000 	C:\WINDOWS\System32\bcrypt.dll
0x00007ffcef370000 - 0x00007ffcef3bb000 	C:\WINDOWS\SYSTEM32\POWRPROF.dll
0x00007ffce42f0000 - 0x00007ffce4317000 	C:\WINDOWS\SYSTEM32\WINMM.dll
0x00007ffce75d0000 - 0x00007ffce75da000 	C:\WINDOWS\SYSTEM32\VERSION.dll
0x00007ffcdcad0000 - 0x00007ffcdcad9000 	C:\WINDOWS\SYSTEM32\WSOCK32.dll
0x00007ffcf07b0000 - 0x00007ffcf081b000 	C:\WINDOWS\System32\WS2_32.dll
0x00007ffcef230000 - 0x00007ffcef242000 	C:\WINDOWS\SYSTEM32\UMPDC.dll
0x00007ffcee660000 - 0x00007ffcee672000 	C:\WINDOWS\SYSTEM32\kernel.appcore.dll
0x00007ffccbf70000 - 0x00007ffccbf7a000 	C:\Program Files\Microsoft\jdk-17.0.8.7-hotspot\bin\jimage.dll
0x00007ffceda30000 - 0x00007ffcedc14000 	C:\WINDOWS\SYSTEM32\DBGHELP.DLL
0x00007ffcd5e40000 - 0x00007ffcd5e74000 	C:\WINDOWS\SYSTEM32\dbgcore.DLL
0x00007ffcf06c0000 - 0x00007ffcf0742000 	C:\WINDOWS\System32\bcryptPrimitives.dll
0x00007ffcc7110000 - 0x00007ffcc711e000 	C:\Program Files\Microsoft\jdk-17.0.8.7-hotspot\bin\instrument.dll
0x00007ffcbff40000 - 0x00007ffcbff65000 	C:\Program Files\Microsoft\jdk-17.0.8.7-hotspot\bin\java.dll
0x00007ffc8fa20000 - 0x00007ffc8faf7000 	C:\Program Files\Microsoft\jdk-17.0.8.7-hotspot\bin\jsvml.dll
0x00007ffcf14d0000 - 0x00007ffcf1c15000 	C:\WINDOWS\System32\SHELL32.dll
0x00007ffcedeb0000 - 0x00007ffcee64b000 	C:\WINDOWS\SYSTEM32\windows.storage.dll
0x00007ffcf1170000 - 0x00007ffcf14c4000 	C:\WINDOWS\System32\combase.dll
0x00007ffcef850000 - 0x00007ffcef87d000 	C:\WINDOWS\SYSTEM32\Wldp.dll
0x00007ffcf2190000 - 0x00007ffcf223d000 	C:\WINDOWS\System32\SHCORE.dll
0x00007ffcf1020000 - 0x00007ffcf1075000 	C:\WINDOWS\System32\shlwapi.dll
0x00007ffcefd50000 - 0x00007ffcefd75000 	C:\WINDOWS\SYSTEM32\profapi.dll
0x00007ffcbfdd0000 - 0x00007ffcbfde8000 	C:\Program Files\Microsoft\jdk-17.0.8.7-hotspot\bin\zip.dll
0x00007ffcc8960000 - 0x00007ffcc8979000 	C:\Program Files\Microsoft\jdk-17.0.8.7-hotspot\bin\net.dll
0x00007ffce6b80000 - 0x00007ffce6c8a000 	C:\WINDOWS\SYSTEM32\WINHTTP.dll
0x00007ffcef5b0000 - 0x00007ffcef61a000 	C:\WINDOWS\system32\mswsock.dll
0x00007ffcc6f30000 - 0x00007ffcc6f46000 	C:\Program Files\Microsoft\jdk-17.0.8.7-hotspot\bin\nio.dll
0x00007ffcc9840000 - 0x00007ffcc9850000 	C:\Program Files\Microsoft\jdk-17.0.8.7-hotspot\bin\verify.dll
0x00007ffcbe3d0000 - 0x00007ffcbe3f7000 	C:\Users\ollik\.gradle\native\68d5fa5c4cc2d200863cafc0d521ce42e7d3e7ee720ec0a83991735586a16f82\windows-amd64\native-platform.dll
0x00007ffc8f8d0000 - 0x00007ffc8fa14000 	C:\Users\ollik\.gradle\native\e376f236ea51e6404a007f0833ffe2c6e607c4080706a723a18a27aeea778392\windows-amd64\native-platform-file-events.dll
0x00007ffcc9230000 - 0x00007ffcc9239000 	C:\Program Files\Microsoft\jdk-17.0.8.7-hotspot\bin\management.dll
0x00007ffcc9200000 - 0x00007ffcc920b000 	C:\Program Files\Microsoft\jdk-17.0.8.7-hotspot\bin\management_ext.dll
0x00007ffcf1080000 - 0x00007ffcf1088000 	C:\WINDOWS\System32\PSAPI.DLL
0x00007ffcef7a0000 - 0x00007ffcef7b8000 	C:\WINDOWS\SYSTEM32\CRYPTSP.dll
0x00007ffceee70000 - 0x00007ffceeea4000 	C:\WINDOWS\system32\rsaenh.dll
0x00007ffcefd10000 - 0x00007ffcefd3e000 	C:\WINDOWS\SYSTEM32\USERENV.dll
0x00007ffcef7c0000 - 0x00007ffcef7cc000 	C:\WINDOWS\SYSTEM32\CRYPTBASE.dll
0x00007ffcef250000 - 0x00007ffcef28b000 	C:\WINDOWS\SYSTEM32\IPHLPAPI.DLL
0x00007ffcf0ae0000 - 0x00007ffcf0ae8000 	C:\WINDOWS\System32\NSI.dll
0x00007ffce7830000 - 0x00007ffce7847000 	C:\WINDOWS\SYSTEM32\dhcpcsvc6.DLL
0x00007ffce7810000 - 0x00007ffce782d000 	C:\WINDOWS\SYSTEM32\dhcpcsvc.DLL
0x00007ffcef2a0000 - 0x00007ffcef36a000 	C:\WINDOWS\SYSTEM32\DNSAPI.dll
0x00007ffcc6e00000 - 0x00007ffcc6e0e000 	C:\Program Files\Microsoft\jdk-17.0.8.7-hotspot\bin\sunmscapi.dll
0x00007ffcefe20000 - 0x00007ffceff7d000 	C:\WINDOWS\System32\CRYPT32.dll
0x00007ffcef8c0000 - 0x00007ffcef8e8000 	C:\WINDOWS\SYSTEM32\ncrypt.dll
0x00007ffcef880000 - 0x00007ffcef8bb000 	C:\WINDOWS\SYSTEM32\NTASN1.dll
0x00007ffcd45e0000 - 0x00007ffcd45e7000 	C:\WINDOWS\system32\wshunix.dll
0x00007ffce6420000 - 0x00007ffce642a000 	C:\Windows\System32\rasadhlp.dll
0x00007ffce2f40000 - 0x00007ffce2fc0000 	C:\WINDOWS\System32\fwpuclnt.dll
0x00007ffcd8350000 - 0x00007ffcd8367000 	C:\WINDOWS\system32\napinsp.dll
0x00007ffcd8330000 - 0x00007ffcd834b000 	C:\WINDOWS\system32\pnrpnsp.dll
0x00007ffcea040000 - 0x00007ffcea055000 	C:\WINDOWS\system32\wshbth.dll
0x00007ffceaea0000 - 0x00007ffceaebd000 	C:\WINDOWS\system32\NLAapi.dll
0x00007ffcd8310000 - 0x00007ffcd8322000 	C:\WINDOWS\System32\winrnr.dll

dbghelp: loaded successfully - version: 4.0.5 - missing functions: none
symbol engine: initialized successfully - sym options: 0x614 - pdb path: .;C:\Program Files\Microsoft\jdk-17.0.8.7-hotspot\bin;C:\WINDOWS\SYSTEM32;C:\WINDOWS\WinSxS\amd64_microsoft.windows.common-controls_6595b64144ccf1df_6.0.19041.3636_none_60b6a03d71f818d5;C:\Program Files\Microsoft\jdk-17.0.8.7-hotspot\bin\server;C:\Users\ollik\.gradle\native\68d5fa5c4cc2d200863cafc0d521ce42e7d3e7ee720ec0a83991735586a16f82\windows-amd64;C:\Users\ollik\.gradle\native\e376f236ea51e6404a007f0833ffe2c6e607c4080706a723a18a27aeea778392\windows-amd64

VM Arguments:
jvm_args: -XX:MaxMetaspaceSize=512m --add-opens=java.base/java.util=ALL-UNNAMED --add-opens=java.base/java.lang=ALL-UNNAMED --add-opens=java.base/java.lang.invoke=ALL-UNNAMED --add-opens=java.prefs/java.util.prefs=ALL-UNNAMED --add-opens=java.base/java.nio.charset=ALL-UNNAMED --add-opens=java.base/java.net=ALL-UNNAMED --add-opens=java.base/java.util.concurrent.atomic=ALL-UNNAMED -Xmx2048m -Dfile.encoding=windows-1252 -Duser.country=FI -Duser.language=fi -Duser.variant -javaagent:C:\Users\ollik\.gradle\wrapper\dists\gradle-8.3-all\6en3ugtfdg5xnpx44z4qbwgas\gradle-8.3\lib\agents\gradle-instrumentation-agent-8.3.jar 
java_command: org.gradle.launcher.daemon.bootstrap.GradleDaemon 8.3
java_class_path (initial): C:\Users\ollik\.gradle\wrapper\dists\gradle-8.3-all\6en3ugtfdg5xnpx44z4qbwgas\gradle-8.3\lib\gradle-launcher-8.3.jar
Launcher Type: SUN_STANDARD

[Global flags]
     intx CICompilerCount                          = 4                                         {product} {ergonomic}
   size_t CompressedClassSpaceSize                 = 436207616                                 {product} {ergonomic}
     uint ConcGCThreads                            = 2                                         {product} {ergonomic}
     uint G1ConcRefinementThreads                  = 8                                         {product} {ergonomic}
   size_t G1HeapRegionSize                         = 1048576                                   {product} {ergonomic}
    uintx GCDrainStackTargetSize                   = 64                                        {product} {ergonomic}
   size_t InitialHeapSize                          = 268435456                                 {product} {ergonomic}
   size_t MarkStackSize                            = 4194304                                   {product} {ergonomic}
   size_t MaxHeapSize                              = 2147483648                                {product} {command line}
   size_t MaxMetaspaceSize                         = 536870912                                 {product} {command line}
   size_t MaxNewSize                               = 1287651328                                {product} {ergonomic}
   size_t MinHeapDeltaBytes                        = 1048576                                   {product} {ergonomic}
   size_t MinHeapSize                              = 8388608                                   {product} {ergonomic}
    uintx NonNMethodCodeHeapSize                   = 5839372                                {pd product} {ergonomic}
    uintx NonProfiledCodeHeapSize                  = 122909434                              {pd product} {ergonomic}
    uintx ProfiledCodeHeapSize                     = 122909434                              {pd product} {ergonomic}
    uintx ReservedCodeCacheSize                    = 251658240                              {pd product} {ergonomic}
     bool SegmentedCodeCache                       = true                                      {product} {ergonomic}
   size_t SoftMaxHeapSize                          = 2147483648                             {manageable} {ergonomic}
     bool UseCompressedClassPointers               = true                           {product lp64_product} {ergonomic}
     bool UseCompressedOops                        = true                           {product lp64_product} {ergonomic}
     bool UseG1GC                                  = true                                      {product} {ergonomic}
     bool UseLargePagesIndividualAllocation        = false                                  {pd product} {ergonomic}

Logging:
Log output configuration:
 #0: stdout all=warning uptime,level,tags
 #1: stderr all=off uptime,level,tags

Environment Variables:
JAVA_HOME=C:\Program Files\Microsoft\jdk-17.0.8.7-hotspot
CLASSPATH=C:\Users\ollik\GymDiary\GymDiary\android\\gradle\wrapper\gradle-wrapper.jar
PATH=C:\Users\ollik\GymDiary\GymDiary\node_modules\.bin;C:\Users\ollik\GymDiary\GymDiary\node_modules\.bin;C:\Users\ollik\GymDiary\node_modules\.bin;C:\Users\ollik\node_modules\.bin;C:\Users\node_modules\.bin;C:\node_modules\.bin;C:\Program Files\nodejs\node_modules\npm\node_modules\@npmcli\run-script\lib\node-gyp-bin;C:\Users\ollik\GymDiary\GymDiary\node_modules\.bin;C:\Users\ollik\GymDiary\node_modules\.bin;C:\Users\ollik\node_modules\.bin;C:\Users\node_modules\.bin;C:\node_modules\.bin;C:\Program Files\nodejs\node_modules\npm\node_modules\@npmcli\run-script\lib\node-gyp-bin;C:\Users\ollik\bin;C:\Program Files\Git\mingw64\bin;C:\Program Files\Git\usr\local\bin;C:\Program Files\Git\usr\bin;C:\Program Files\Git\usr\bin;C:\Program Files\Git\mingw64\bin;C:\Program Files\Git\usr\bin;C:\Users\ollik\bin;C:\Program Files\Microsoft\jdk-17.0.8.7-hotspot\bin;C:\Program Files\Common Files\Oracle\Java\javapath;C:\Program Files (x86)\Intel\iCLS Client;C:\Program Files\Intel\iCLS Client;C:\Windows\system32;C:\Windows;C:\Windows\System32\Wbem;C:\Windows\System32\WindowsPowerShell\v1.0;C:\Program Files (x86)\NVIDIA Corporation\PhysX\Common;C:\Program Files (x86)\Intel\Intel(R) Management Engine Components\DAL;C:\Program Files\Intel\Intel(R) Management Engine Components\DAL;C:\Program Files (x86)\Intel\Intel(R) Management Engine Components\IPT;C:\Program Files\Intel\Intel(R) Management Engine Components\IPT;C:\Program Files\Intel\WiFi\bin;C:\Program Files\Common Files\Intel\WirelessCommon;C:\WINDOWS\system32;C:\WINDOWS;C:\WINDOWS\System32\Wbem;C:\WINDOWS\System32\WindowsPowerShell\v1.0;C:\WINDOWS\System32\OpenSSH;C:\Program Files\Git\cmd;C:\ProgramData\chocolatey\bin;C:\Program Files\nodejs;C:\Users\ollik\AppData\Local\Microsoft\WindowsApps;C:\Users\ollik\AppData\Local\Programs\Microsoft VS Code\bin;C:\Users\ollik\AppData\Local\Android\Sdk\platform-tools;C:\Users\ollik\AppData\Roaming\npm;C:\Program Files\Git\usr\bin\vendor_perl;C:\Program Files\Git\usr\bin\core_perl
USERNAME=ollik
SHELL=C:\Program Files\Git\usr\bin\bash.exe
DISPLAY=needs-to-be-defined
LC_CTYPE=fi_FI.UTF-8
TERM=xterm
TMPDIR=C:\Users\ollik\AppData\Local\Temp
OS=Windows_NT
PROCESSOR_IDENTIFIER=Intel64 Family 6 Model 158 Stepping 9, GenuineIntel
TMP=C:\Users\ollik\AppData\Local\Temp
TEMP=C:\Users\ollik\AppData\Local\Temp



---------------  S Y S T E M  ---------------

OS:
 Windows 10 , 64 bit Build 19041 (10.0.19041.3636)
OS uptime: 4 days 5:34 hours

CPU: total 8 (initial active 8) (4 cores per cpu, 2 threads per core) family 6 model 158 stepping 9 microcode 0xb4, cx8, cmov, fxsr, ht, mmx, 3dnowpref, sse, sse2, sse3, ssse3, sse4.1, sse4.2, popcnt, lzcnt, tsc, tscinvbit, avx, avx2, aes, erms, clmul, bmi1, bmi2, adx, fma, vzeroupper, clflush, clflushopt
Processor Information for all 8 processors :
  Max Mhz: 2808, Current Mhz: 2808, Mhz Limit: 2808

Memory: 4k page, system-wide physical 16268M (6347M free)
TotalPageFile size 18700M (AvailPageFile size 4719M)
current process WorkingSet (physical memory assigned to process): 588M, peak: 592M
current process commit charge ("private bytes"): 648M, peak: 652M

vm_info: OpenJDK 64-Bit Server VM (17.0.8+7-LTS) for windows-amd64 JRE (17.0.8+7-LTS), built on Jul  7 2023 17:21:55 by "MicrosoftCorporation" with MS VC++ 16.10 / 16.11 (VS2019)

END.
